The following modules were not unloaded:
  (Use "module --force purge" to unload all):

  1) modenv/scs5
Module Python/3.6.4-intel-2018a and 18 dependencies loaded.
Module cuDNN/8.0.4.30-CUDA-11.1.1 and 1 dependency loaded.
/home/h3/medranos/vdftb20/lib/python3.6/site-packages/schnetpack/data/atoms.py:327: UserWarning: The given NumPy array is not writeable, and PyTorch does not support non-writeable tensors. This means you can write to the underlying (supposedly non-writeable) NumPy array using the tensor. You may want to copy the array to protect its data or make it writeable before converting it to a tensor. This type of warning will be suppressed for the rest of this program. (Triggered internally at  /pytorch/torch/csrc/utils/tensor_numpy.cpp:143.)
  properties[pname] = torch.FloatTensor(prop)
/home/h3/medranos/vdftb20/lib/python3.6/site-packages/ase/atoms.py:968: VisibleDeprecationWarning: Use get_global_number_of_atoms() instead
  np.VisibleDeprecationWarning)
/scratch/ws/1/medranos-DFTBprojects/raghav/Prop_pred/slatm_split.py:232: UserWarning: nn.init.xavier_uniform is now deprecated in favor of nn.init.xavier_uniform_.
  torch.nn.init.xavier_uniform(m.weight)
Traceback (most recent call last):
  File "/scratch/ws/1/medranos-DFTBprojects/raghav/Prop_pred/slatm_split.py", line 442, in <module>
    int(train_set[ii]), int(n_val), int(n_test), iX, iY, patience
  File "/scratch/ws/1/medranos-DFTBprojects/raghav/Prop_pred/slatm_split.py", line 348, in fit_model_dense
    train_nn(train_loader, model, loss_fn, optimizer)
  File "/scratch/ws/1/medranos-DFTBprojects/raghav/Prop_pred/slatm_split.py", line 275, in train_nn
    pred = model(X)
  File "/home/h3/medranos/vdftb20/lib/python3.6/site-packages/torch/nn/modules/module.py", line 889, in _call_impl
    result = self.forward(*input, **kwargs)
  File "/scratch/ws/1/medranos-DFTBprojects/raghav/Prop_pred/slatm_split.py", line 250, in forward
    layer1 = self.lin1(slatm)
  File "/home/h3/medranos/vdftb20/lib/python3.6/site-packages/torch/nn/modules/module.py", line 889, in _call_impl
    result = self.forward(*input, **kwargs)
  File "/home/h3/medranos/vdftb20/lib/python3.6/site-packages/torch/nn/modules/linear.py", line 94, in forward
    return F.linear(input, self.weight, self.bias)
  File "/home/h3/medranos/vdftb20/lib/python3.6/site-packages/torch/nn/functional.py", line 1753, in linear
    return torch._C._nn.linear(input, weight, bias)
RuntimeError: mat1 and mat2 shapes cannot be multiplied (16x568 and 528x16)
