The following modules were not unloaded:
  (Use "module --force purge" to unload all):

  1) modenv/scs5
Module Python/3.6.4-intel-2018a and 18 dependencies loaded.
Module cuDNN/8.0.4.30-CUDA-11.1.1 and 1 dependency loaded.
/home/h3/medranos/vdftb20/lib/python3.6/site-packages/schnetpack/data/atoms.py:327: UserWarning: The given NumPy array is not writeable, and PyTorch does not support non-writeable tensors. This means you can write to the underlying (supposedly non-writeable) NumPy array using the tensor. You may want to copy the array to protect its data or make it writeable before converting it to a tensor. This type of warning will be suppressed for the rest of this program. (Triggered internally at  /pytorch/torch/csrc/utils/tensor_numpy.cpp:143.)
  properties[pname] = torch.FloatTensor(prop)
/home/h3/medranos/vdftb20/lib/python3.6/site-packages/ase/atoms.py:968: VisibleDeprecationWarning: Use get_global_number_of_atoms() instead
  np.VisibleDeprecationWarning)
/scratch/ws/1/medranos-TUDprojects/raghav/Prop_pred/sdftb_egap.py:261: UserWarning: nn.init.xavier_uniform is now deprecated in favor of nn.init.xavier_uniform_.
  torch.nn.init.xavier_uniform(m.weight)
/scratch/ws/1/medranos-TUDprojects/raghav/Prop_pred/sdftb_egap.py:485: UserWarning: Stopping early after 1190 epochs for 30000
  warnings.warn(f"Stopping early after {t+1} epochs for {n_train}")
/scratch/ws/1/medranos-TUDprojects/raghav/Prop_pred/sdftb_egap.py:261: UserWarning: nn.init.xavier_uniform is now deprecated in favor of nn.init.xavier_uniform_.
  torch.nn.init.xavier_uniform(m.weight)
/scratch/ws/1/medranos-TUDprojects/raghav/Prop_pred/sdftb_egap.py:485: UserWarning: Stopping early after 1191 epochs for 8000
  warnings.warn(f"Stopping early after {t+1} epochs for {n_train}")
/scratch/ws/1/medranos-TUDprojects/raghav/Prop_pred/sdftb_egap.py:261: UserWarning: nn.init.xavier_uniform is now deprecated in favor of nn.init.xavier_uniform_.
  torch.nn.init.xavier_uniform(m.weight)
/scratch/ws/1/medranos-TUDprojects/raghav/Prop_pred/sdftb_egap.py:485: UserWarning: Stopping early after 1195 epochs for 8000
  warnings.warn(f"Stopping early after {t+1} epochs for {n_train}")
/scratch/ws/1/medranos-TUDprojects/raghav/Prop_pred/sdftb_egap.py:261: UserWarning: nn.init.xavier_uniform is now deprecated in favor of nn.init.xavier_uniform_.
  torch.nn.init.xavier_uniform(m.weight)
/scratch/ws/1/medranos-TUDprojects/raghav/Prop_pred/sdftb_egap.py:485: UserWarning: Stopping early after 1135 epochs for 8000
  warnings.warn(f"Stopping early after {t+1} epochs for {n_train}")
/scratch/ws/1/medranos-TUDprojects/raghav/Prop_pred/sdftb_egap.py:261: UserWarning: nn.init.xavier_uniform is now deprecated in favor of nn.init.xavier_uniform_.
  torch.nn.init.xavier_uniform(m.weight)
/scratch/ws/1/medranos-TUDprojects/raghav/Prop_pred/sdftb_egap.py:485: UserWarning: Stopping early after 1124 epochs for 8000
  warnings.warn(f"Stopping early after {t+1} epochs for {n_train}")
/scratch/ws/1/medranos-TUDprojects/raghav/Prop_pred/sdftb_egap.py:261: UserWarning: nn.init.xavier_uniform is now deprecated in favor of nn.init.xavier_uniform_.
  torch.nn.init.xavier_uniform(m.weight)
/scratch/ws/1/medranos-TUDprojects/raghav/Prop_pred/sdftb_egap.py:485: UserWarning: Stopping early after 1305 epochs for 2000
  warnings.warn(f"Stopping early after {t+1} epochs for {n_train}")
/scratch/ws/1/medranos-TUDprojects/raghav/Prop_pred/sdftb_egap.py:261: UserWarning: nn.init.xavier_uniform is now deprecated in favor of nn.init.xavier_uniform_.
  torch.nn.init.xavier_uniform(m.weight)
/scratch/ws/1/medranos-TUDprojects/raghav/Prop_pred/sdftb_egap.py:485: UserWarning: Stopping early after 1454 epochs for 2000
  warnings.warn(f"Stopping early after {t+1} epochs for {n_train}")
/scratch/ws/1/medranos-TUDprojects/raghav/Prop_pred/sdftb_egap.py:261: UserWarning: nn.init.xavier_uniform is now deprecated in favor of nn.init.xavier_uniform_.
  torch.nn.init.xavier_uniform(m.weight)
/scratch/ws/1/medranos-TUDprojects/raghav/Prop_pred/sdftb_egap.py:485: UserWarning: Stopping early after 1354 epochs for 2000
  warnings.warn(f"Stopping early after {t+1} epochs for {n_train}")
/scratch/ws/1/medranos-TUDprojects/raghav/Prop_pred/sdftb_egap.py:261: UserWarning: nn.init.xavier_uniform is now deprecated in favor of nn.init.xavier_uniform_.
  torch.nn.init.xavier_uniform(m.weight)
/scratch/ws/1/medranos-TUDprojects/raghav/Prop_pred/sdftb_egap.py:485: UserWarning: Stopping early after 1415 epochs for 2000
  warnings.warn(f"Stopping early after {t+1} epochs for {n_train}")
/scratch/ws/1/medranos-TUDprojects/raghav/Prop_pred/sdftb_egap.py:261: UserWarning: nn.init.xavier_uniform is now deprecated in favor of nn.init.xavier_uniform_.
  torch.nn.init.xavier_uniform(m.weight)
/scratch/ws/1/medranos-TUDprojects/raghav/Prop_pred/sdftb_egap.py:485: UserWarning: Stopping early after 1371 epochs for 2000
  warnings.warn(f"Stopping early after {t+1} epochs for {n_train}")
/scratch/ws/1/medranos-TUDprojects/raghav/Prop_pred/sdftb_egap.py:261: UserWarning: nn.init.xavier_uniform is now deprecated in favor of nn.init.xavier_uniform_.
  torch.nn.init.xavier_uniform(m.weight)
/scratch/ws/1/medranos-TUDprojects/raghav/Prop_pred/sdftb_egap.py:485: UserWarning: Stopping early after 1289 epochs for 2000
  warnings.warn(f"Stopping early after {t+1} epochs for {n_train}")
/scratch/ws/1/medranos-TUDprojects/raghav/Prop_pred/sdftb_egap.py:261: UserWarning: nn.init.xavier_uniform is now deprecated in favor of nn.init.xavier_uniform_.
  torch.nn.init.xavier_uniform(m.weight)
/scratch/ws/1/medranos-TUDprojects/raghav/Prop_pred/sdftb_egap.py:485: UserWarning: Stopping early after 1365 epochs for 2000
  warnings.warn(f"Stopping early after {t+1} epochs for {n_train}")
/scratch/ws/1/medranos-TUDprojects/raghav/Prop_pred/sdftb_egap.py:261: UserWarning: nn.init.xavier_uniform is now deprecated in favor of nn.init.xavier_uniform_.
  torch.nn.init.xavier_uniform(m.weight)
/scratch/ws/1/medranos-TUDprojects/raghav/Prop_pred/sdftb_egap.py:485: UserWarning: Stopping early after 1320 epochs for 2000
  warnings.warn(f"Stopping early after {t+1} epochs for {n_train}")
/scratch/ws/1/medranos-TUDprojects/raghav/Prop_pred/sdftb_egap.py:261: UserWarning: nn.init.xavier_uniform is now deprecated in favor of nn.init.xavier_uniform_.
  torch.nn.init.xavier_uniform(m.weight)
/scratch/ws/1/medranos-TUDprojects/raghav/Prop_pred/sdftb_egap.py:485: UserWarning: Stopping early after 1399 epochs for 2000
  warnings.warn(f"Stopping early after {t+1} epochs for {n_train}")
/scratch/ws/1/medranos-TUDprojects/raghav/Prop_pred/sdftb_egap.py:261: UserWarning: nn.init.xavier_uniform is now deprecated in favor of nn.init.xavier_uniform_.
  torch.nn.init.xavier_uniform(m.weight)
/scratch/ws/1/medranos-TUDprojects/raghav/Prop_pred/sdftb_egap.py:485: UserWarning: Stopping early after 1290 epochs for 2000
  warnings.warn(f"Stopping early after {t+1} epochs for {n_train}")
