Starting Program
training starts
*** JOB 'slatm-ra2' (ID: 23118290) ***
*** taurusi4195: 1 node(s),  4 core(s) in total ***
*** Submitted in: /lustre/scratch2/ws/1/medranos-DFTBprojects/raghav/Prop_pred ***

*** [TIMING] start Jan 20, 20:25:45 ***
*** [TIMING] walltime 3-23:59:43 [95:59:43] ends Jan 24, 20:25:28 ***



JOB OUTPUT:
###########################################################################

training starts
41537
(17895,)
(41537, 17935)
(41537,)
Trainset= 10000
Perfoming training
Epoch 1
-------------------------------
Validation MAE: 2.7903177738189697

Epoch 2
-------------------------------
Validation MAE: 1.3758238554000854

Epoch 3
-------------------------------
Validation MAE: 0.9828547835350037

Epoch 4
-------------------------------
Validation MAE: 0.833551287651062

Epoch 5
-------------------------------
Validation MAE: 0.7118443846702576

Epoch 6
-------------------------------
Validation MAE: 0.624940037727356

Epoch 7
-------------------------------
Validation MAE: 0.5774389505386353

Epoch 8
-------------------------------
Validation MAE: 0.547346293926239

Epoch 9
-------------------------------
Validation MAE: 0.5076802372932434

Epoch 10
-------------------------------
Validation MAE: 0.47959446907043457

Epoch 11
-------------------------------
Validation MAE: 0.46180763840675354

Epoch 12
-------------------------------
Validation MAE: 0.45338723063468933

Epoch 13
-------------------------------
Validation MAE: 0.4540575444698334

Epoch 14
-------------------------------
Validation MAE: 0.44847458600997925

Epoch 15
-------------------------------
Validation MAE: 0.4419249892234802

Epoch 16
-------------------------------
Validation MAE: 0.4337839186191559

Epoch 17
-------------------------------
Validation MAE: 0.4257970452308655

Epoch 18
-------------------------------
Validation MAE: 0.41906195878982544

Epoch 19
-------------------------------
Validation MAE: 0.41418036818504333

Epoch 20
-------------------------------
Validation MAE: 0.40824094414711

Epoch 21
-------------------------------
Validation MAE: 0.4071781635284424

Epoch 22
-------------------------------
Validation MAE: 0.4030285179615021

Epoch 23
-------------------------------
Validation MAE: 0.40211987495422363

Epoch 24
-------------------------------
Validation MAE: 0.39563998579978943

Epoch 25
-------------------------------
Validation MAE: 0.39346376061439514

Epoch 26
-------------------------------
Validation MAE: 0.3873322010040283

Epoch 27
-------------------------------
Validation MAE: 0.38808974623680115

Epoch 28
-------------------------------
Validation MAE: 0.383969247341156

Epoch 29
-------------------------------
Validation MAE: 0.386253297328949

Epoch 30
-------------------------------
Validation MAE: 0.3815648853778839

Epoch 31
-------------------------------
Validation MAE: 0.3806294798851013

Epoch 32
-------------------------------
Validation MAE: 0.37438932061195374

Epoch 33
-------------------------------
Validation MAE: 0.37384575605392456

Epoch 34
-------------------------------
Validation MAE: 0.3709392845630646

Epoch 35
-------------------------------
Validation MAE: 0.37270423769950867

Epoch 36
-------------------------------
Validation MAE: 0.36909186840057373

Epoch 37
-------------------------------
Validation MAE: 0.3684675693511963

Epoch 38
-------------------------------
Validation MAE: 0.3637326657772064

Epoch 39
-------------------------------
Validation MAE: 0.3632192611694336

Epoch 40
-------------------------------
Validation MAE: 0.358670711517334

Epoch 41
-------------------------------
Validation MAE: 0.3588232100009918

Epoch 42
-------------------------------
Validation MAE: 0.35644105076789856

Epoch 43
-------------------------------
Validation MAE: 0.35634303092956543

Epoch 44
-------------------------------
Validation MAE: 0.35352566838264465

Epoch 45
-------------------------------
Validation MAE: 0.3523597717285156

Epoch 46
-------------------------------
Validation MAE: 0.3492031991481781

Epoch 47
-------------------------------
Validation MAE: 0.3481965959072113

Epoch 48
-------------------------------
Validation MAE: 0.3472599387168884

Epoch 49
-------------------------------
Validation MAE: 0.34838005900382996

Epoch 50
-------------------------------
Validation MAE: 0.3452661335468292

Epoch 51
-------------------------------
Validation MAE: 0.34516921639442444

Epoch 52
-------------------------------
Validation MAE: 0.3420805037021637

Epoch 53
-------------------------------
Validation MAE: 0.34298786520957947

Epoch 54
-------------------------------
Validation MAE: 0.34099167585372925

Epoch 55
-------------------------------
Validation MAE: 0.344287633895874

Epoch 56
-------------------------------
Validation MAE: 0.3423525393009186

Epoch 57
-------------------------------
Validation MAE: 0.34255802631378174

Epoch 58
-------------------------------
Validation MAE: 0.3401496410369873

Epoch 59
-------------------------------
Validation MAE: 0.3418753743171692

Epoch 60
-------------------------------
Validation MAE: 0.3396371603012085

Epoch 61
-------------------------------
Validation MAE: 0.34201428294181824

Epoch 62
-------------------------------
Validation MAE: 0.3420493006706238

Epoch 63
-------------------------------
Validation MAE: 0.34243032336235046

Epoch 64
-------------------------------
Validation MAE: 0.3407440781593323

Epoch 65
-------------------------------
Validation MAE: 0.34289979934692383

Epoch 66
-------------------------------
Validation MAE: 0.33955371379852295

Epoch 67
-------------------------------
Validation MAE: 0.3404363691806793

Epoch 68
-------------------------------
Validation MAE: 0.34346267580986023

Epoch 69
-------------------------------
Validation MAE: 0.34233182668685913

Epoch 70
-------------------------------
Validation MAE: 0.34227892756462097

Epoch 71
-------------------------------
Validation MAE: 0.34253042936325073

Epoch 72
-------------------------------
Validation MAE: 0.34131133556365967

Epoch 73
-------------------------------
Validation MAE: 0.34186145663261414

Epoch 74
-------------------------------
Validation MAE: 0.3409702181816101

Epoch 75
-------------------------------
Validation MAE: 0.344095915555954

Epoch 76
-------------------------------
Validation MAE: 0.3417724072933197

Epoch 77
-------------------------------
Validation MAE: 0.3444429934024811

Epoch 78
-------------------------------
Validation MAE: 0.3408580720424652

Epoch 79
-------------------------------
Validation MAE: 0.3451186716556549

Epoch 80
-------------------------------
Validation MAE: 0.3415897786617279

Epoch 81
-------------------------------
Validation MAE: 0.3434286117553711

Epoch 82
-------------------------------
Validation MAE: 0.34261664748191833

Epoch 83
-------------------------------
Validation MAE: 0.3440965712070465

Epoch 84
-------------------------------
Validation MAE: 0.3390175402164459

Epoch 85
-------------------------------
Validation MAE: 0.34155064821243286

Epoch 86
-------------------------------
Validation MAE: 0.33654192090034485

Epoch 87
-------------------------------
Validation MAE: 0.3383129835128784

Epoch 88
-------------------------------
Validation MAE: 0.3359440565109253

Epoch 89
-------------------------------
Validation MAE: 0.3439687490463257

Epoch 90
-------------------------------
Validation MAE: 0.3812845051288605

Epoch 91
-------------------------------
Validation MAE: 0.33470314741134644

Epoch 92
-------------------------------
Validation MAE: 0.33121779561042786

Epoch 93
-------------------------------
Validation MAE: 0.33474549651145935

Epoch 94
-------------------------------
Validation MAE: 0.33418405055999756

Epoch 95
-------------------------------
Validation MAE: 0.33785685896873474

Epoch 96
-------------------------------
Validation MAE: 0.33651039004325867

Epoch 97
-------------------------------
Validation MAE: 0.3423769176006317

Epoch 98
-------------------------------
Validation MAE: 0.33970174193382263

Epoch 99
-------------------------------
Validation MAE: 0.3370382785797119

Epoch 100
-------------------------------
Validation MAE: 0.33247265219688416

Epoch 101
-------------------------------
Validation MAE: 0.33417627215385437

Epoch 102
-------------------------------
Validation MAE: 0.3337957561016083

Epoch 103
-------------------------------
Validation MAE: 0.3348838686943054

Epoch 104
-------------------------------
Validation MAE: 0.3360111713409424

Epoch 105
-------------------------------
Validation MAE: 0.33512648940086365

Epoch 106
-------------------------------
Validation MAE: 0.3382132351398468

Epoch 107
-------------------------------
Validation MAE: 0.33780932426452637

Epoch 108
-------------------------------
Validation MAE: 0.33731889724731445

Epoch 109
-------------------------------
Validation MAE: 0.33624517917633057

Epoch 110
-------------------------------
Validation MAE: 0.3384484350681305

Epoch 111
-------------------------------
Validation MAE: 0.33511584997177124

Epoch 112
-------------------------------
Validation MAE: 0.3394310176372528

Epoch 113
-------------------------------
Validation MAE: 0.3381798565387726

Epoch 114
-------------------------------
Validation MAE: 0.3400649428367615

Epoch 115
-------------------------------
Validation MAE: 0.3382848799228668

Epoch 116
-------------------------------
Validation MAE: 0.34045475721359253

Epoch 117
-------------------------------
Validation MAE: 0.33715638518333435

Epoch 118
-------------------------------
Validation MAE: 0.34016892313957214

Epoch 119
-------------------------------
Validation MAE: 0.33868515491485596

Epoch 120
-------------------------------
Validation MAE: 0.34032049775123596

Epoch 121
-------------------------------
Validation MAE: 0.3403063118457794

Epoch 122
-------------------------------
Validation MAE: 0.34099867939949036

Epoch 123
-------------------------------
Validation MAE: 0.33946770429611206

Epoch 124
-------------------------------
Validation MAE: 0.34136760234832764

Epoch 125
-------------------------------
Validation MAE: 0.3416619896888733

Epoch 126
-------------------------------
Validation MAE: 0.34242746233940125

Epoch 127
-------------------------------
Validation MAE: 0.3414495885372162

Epoch 128
-------------------------------
Validation MAE: 0.34255126118659973

Epoch 129
-------------------------------
Validation MAE: 0.3397257626056671

Epoch 130
-------------------------------
Validation MAE: 0.3405878245830536

Epoch 131
-------------------------------
Validation MAE: 0.3417847752571106

Epoch 132
-------------------------------
Validation MAE: 0.389068067073822

Epoch 133
-------------------------------
Validation MAE: 0.34324130415916443

Epoch 134
-------------------------------
Validation MAE: 0.36113351583480835

Epoch 135
-------------------------------
Validation MAE: 0.3577045500278473

Epoch 136
-------------------------------
Validation MAE: 0.35476812720298767

Epoch 137
-------------------------------
Validation MAE: 0.3514488637447357

Epoch 138
-------------------------------
Validation MAE: 0.3465157449245453

Epoch 139
-------------------------------
Validation MAE: 0.3453848361968994

Epoch 140
-------------------------------
Validation MAE: 0.34125378727912903

Epoch 141
-------------------------------
Validation MAE: 0.34238266944885254

Epoch 142
-------------------------------
Validation MAE: 0.34625542163848877

Epoch 143
-------------------------------
Validation MAE: 0.3489045798778534

Epoch 144
-------------------------------
Validation MAE: 0.3404509723186493

Epoch 145
-------------------------------
Validation MAE: 0.3361016809940338

Epoch 146
-------------------------------
Validation MAE: 0.3307948112487793

Epoch 147
-------------------------------
Validation MAE: 0.3337450325489044

Epoch 148
-------------------------------
Validation MAE: 0.3337886929512024

Epoch 149
-------------------------------
Validation MAE: 0.3371668756008148

Epoch 150
-------------------------------
Validation MAE: 0.3375900685787201

Epoch 151
-------------------------------
Validation MAE: 0.340839147567749

Epoch 152
-------------------------------
Validation MAE: 0.3417293429374695

Epoch 153
-------------------------------
Validation MAE: 0.3441152274608612

Epoch 154
-------------------------------
Validation MAE: 0.34376734495162964

Epoch 155
-------------------------------
Validation MAE: 0.33923840522766113

Epoch 156
-------------------------------
Validation MAE: 0.3399216830730438

Epoch 157
-------------------------------
Validation MAE: 0.3424224555492401

Epoch 158
-------------------------------
Validation MAE: 0.33996495604515076

Epoch 159
-------------------------------
Validation MAE: 0.33832383155822754

Epoch 160
-------------------------------
Validation MAE: 0.33452117443084717

Epoch 161
-------------------------------
Validation MAE: 0.33814942836761475

Epoch 162
-------------------------------
Validation MAE: 0.33587804436683655

Epoch 163
-------------------------------
Validation MAE: 0.3383238911628723

Epoch 164
-------------------------------
Validation MAE: 0.33625850081443787

Epoch 165
-------------------------------
Validation MAE: 0.3369079828262329

Epoch 166
-------------------------------
Validation MAE: 0.3371894657611847

Epoch 167
-------------------------------
Validation MAE: 0.33789849281311035

Epoch 168
-------------------------------
Validation MAE: 0.3388015925884247

Epoch 169
-------------------------------
Validation MAE: 0.3428182005882263

Epoch 170
-------------------------------
Validation MAE: 0.41662612557411194

Epoch 171
-------------------------------
Validation MAE: 0.3661426603794098

Epoch 172
-------------------------------
Validation MAE: 0.357959121465683

Epoch 173
-------------------------------
Validation MAE: 0.3519991636276245

Epoch 174
-------------------------------
Validation MAE: 0.35141226649284363

Epoch 175
-------------------------------
Validation MAE: 0.35414910316467285

Epoch 176
-------------------------------
Validation MAE: 0.3543745279312134

Epoch 177
-------------------------------
Validation MAE: 0.3533768355846405

Epoch 178
-------------------------------
Validation MAE: 0.3489812910556793

Epoch 179
-------------------------------
Validation MAE: 0.3504299223423004

Epoch 180
-------------------------------
Validation MAE: 0.34832945466041565

Epoch 181
-------------------------------
Validation MAE: 0.3477901816368103

Epoch 182
-------------------------------
Validation MAE: 0.3525657653808594

Epoch 183
-------------------------------
Validation MAE: 0.34865057468414307

Epoch 184
-------------------------------
Validation MAE: 0.3438883125782013

Epoch 185
-------------------------------
Validation MAE: 0.34085777401924133

Epoch 186
-------------------------------
Validation MAE: 0.33669033646583557

Epoch 187
-------------------------------
Validation MAE: 0.3378296494483948

Epoch 188
-------------------------------
Validation MAE: 0.3378618657588959

Epoch 189
-------------------------------
Validation MAE: 0.3367803990840912

Epoch 190
-------------------------------
Validation MAE: 0.34277844429016113

Epoch 191
-------------------------------
Validation MAE: 0.33874747157096863

Epoch 192
-------------------------------
Validation MAE: 0.3466673195362091

Epoch 193
-------------------------------
Validation MAE: 0.3399576246738434

Epoch 194
-------------------------------
Validation MAE: 0.3469356894493103

Epoch 195
-------------------------------
Validation MAE: 0.34030142426490784

Epoch 196
-------------------------------
Validation MAE: 0.3493090867996216

Epoch 197
-------------------------------
Validation MAE: 0.3440568745136261

Epoch 198
-------------------------------
Validation MAE: 0.34683534502983093

Epoch 199
-------------------------------
Validation MAE: 0.3451797366142273

Epoch 200
-------------------------------
Validation MAE: 0.34940090775489807

Finished training on train_size=10000
 Testing MAE = (0.2964351112904356, tensor(0.3592))
training is over :-)

###########################################################################

*** [TIMING] end Jan 20, 21:57:19 ***
*** [TIMING] duration 1:31:51[1:31:34] ***

