Starting Program
training starts
*** JOB 'soap-ra' (ID: 23003265) ***
*** taurusi2046: 1 node(s),  8 core(s) in total ***
*** Submitted in: /lustre/scratch2/ws/1/medranos-DFTBprojects/raghav/Prop_pred ***

*** [TIMING] start Jan 17, 13:21:36 ***
*** [TIMING] walltime 3-23:59:52 [95:59:52] ends Jan 21, 13:21:28 ***



JOB OUTPUT:
###########################################################################

training starts
20000
Trainset= 1000
Perfoming training
Epoch 1
-------------------------------
Validation MAE: 47.11144256591797

Epoch 2
-------------------------------
Validation MAE: 22.07453727722168

Epoch 3
-------------------------------
Validation MAE: 6.925246238708496

Epoch 4
-------------------------------
Validation MAE: 6.077066421508789

Epoch 5
-------------------------------
Validation MAE: 5.801997184753418

Epoch 6
-------------------------------
Validation MAE: 5.52531623840332

Epoch 7
-------------------------------
Validation MAE: 5.257193565368652

Epoch 8
-------------------------------
Validation MAE: 4.950814247131348

Epoch 9
-------------------------------
Validation MAE: 4.629618167877197

Epoch 10
-------------------------------
Validation MAE: 4.319581031799316

Epoch 11
-------------------------------
Validation MAE: 4.024755954742432

Epoch 12
-------------------------------
Validation MAE: 3.7543466091156006

Epoch 13
-------------------------------
Validation MAE: 3.506274938583374

Epoch 14
-------------------------------
Validation MAE: 3.2854156494140625

Epoch 15
-------------------------------
Validation MAE: 3.0902340412139893

Epoch 16
-------------------------------
Validation MAE: 2.9205429553985596

Epoch 17
-------------------------------
Validation MAE: 2.7775490283966064

Epoch 18
-------------------------------
Validation MAE: 2.662137746810913

Epoch 19
-------------------------------
Validation MAE: 2.563002586364746

Epoch 20
-------------------------------
Validation MAE: 2.4778969287872314

Epoch 21
-------------------------------
Validation MAE: 2.407027244567871

Epoch 22
-------------------------------
Validation MAE: 2.348433256149292

Epoch 23
-------------------------------
Validation MAE: 2.2957990169525146

Epoch 24
-------------------------------
Validation MAE: 2.2515223026275635

Epoch 25
-------------------------------
Validation MAE: 2.2148265838623047

Epoch 26
-------------------------------
Validation MAE: 2.178976535797119

Epoch 27
-------------------------------
Validation MAE: 2.1478734016418457

Epoch 28
-------------------------------
Validation MAE: 2.1208720207214355

Epoch 29
-------------------------------
Validation MAE: 2.097567319869995

Epoch 30
-------------------------------
Validation MAE: 2.0755605697631836

Epoch 31
-------------------------------
Validation MAE: 2.055941104888916

Epoch 32
-------------------------------
Validation MAE: 2.0373024940490723

Epoch 33
-------------------------------
Validation MAE: 2.0202012062072754

Epoch 34
-------------------------------
Validation MAE: 2.0035274028778076

Epoch 35
-------------------------------
Validation MAE: 1.9867783784866333

Epoch 36
-------------------------------
Validation MAE: 1.9736359119415283

Epoch 37
-------------------------------
Validation MAE: 1.9612668752670288

Epoch 38
-------------------------------
Validation MAE: 1.9504971504211426

Epoch 39
-------------------------------
Validation MAE: 1.9402966499328613

Epoch 40
-------------------------------
Validation MAE: 1.9308027029037476

Epoch 41
-------------------------------
Validation MAE: 1.9220114946365356

Epoch 42
-------------------------------
Validation MAE: 1.9117913246154785

Epoch 43
-------------------------------
Validation MAE: 1.9052835702896118

Epoch 44
-------------------------------
Validation MAE: 1.8975038528442383

Epoch 45
-------------------------------
Validation MAE: 1.8930646181106567

Epoch 46
-------------------------------
Validation MAE: 1.8872758150100708

Epoch 47
-------------------------------
Validation MAE: 1.8806838989257812

Epoch 48
-------------------------------
Validation MAE: 1.8779747486114502

Epoch 49
-------------------------------
Validation MAE: 1.872090220451355

Epoch 50
-------------------------------
Validation MAE: 1.8702197074890137

Finished training on train_size=1000
 Testing MAE = (5.979122741018023, tensor(1.8857, device='cuda:0'))
Trainset= 2000
Perfoming training
Epoch 1
-------------------------------
Validation MAE: 59.38185501098633

Epoch 2
-------------------------------
Validation MAE: 29.623126983642578

Epoch 3
-------------------------------
Validation MAE: 6.533497333526611

Epoch 4
-------------------------------
Validation MAE: 5.957881927490234

Epoch 5
-------------------------------
Validation MAE: 5.764991283416748

Epoch 6
-------------------------------
Validation MAE: 5.545605182647705

Epoch 7
-------------------------------
Validation MAE: 4.937335014343262

Epoch 8
-------------------------------
Validation MAE: 4.451314926147461

Epoch 9
-------------------------------
Validation MAE: 4.006898403167725

Epoch 10
-------------------------------
Validation MAE: 3.5574657917022705

Epoch 11
-------------------------------
Validation MAE: 3.177110433578491

Epoch 12
-------------------------------
Validation MAE: 2.884397506713867

Epoch 13
-------------------------------
Validation MAE: 2.6738927364349365

Epoch 14
-------------------------------
Validation MAE: 2.502441883087158

Epoch 15
-------------------------------
Validation MAE: 2.3687782287597656

Epoch 16
-------------------------------
Validation MAE: 2.2624473571777344

Epoch 17
-------------------------------
Validation MAE: 2.1727447509765625

Epoch 18
-------------------------------
Validation MAE: 2.0920755863189697

Epoch 19
-------------------------------
Validation MAE: 2.0199105739593506

Epoch 20
-------------------------------
Validation MAE: 1.9410394430160522

Epoch 21
-------------------------------
Validation MAE: 1.8839755058288574

Epoch 22
-------------------------------
Validation MAE: 1.835067629814148

Epoch 23
-------------------------------
Validation MAE: 1.7928286790847778

Epoch 24
-------------------------------
Validation MAE: 1.7566641569137573

Epoch 25
-------------------------------
Validation MAE: 1.72457754611969

Epoch 26
-------------------------------
Validation MAE: 1.6964231729507446

Epoch 27
-------------------------------
Validation MAE: 1.669877052307129

Epoch 28
-------------------------------
Validation MAE: 1.6443439722061157

Epoch 29
-------------------------------
Validation MAE: 1.6223422288894653

Epoch 30
-------------------------------
Validation MAE: 1.6007251739501953

Epoch 31
-------------------------------
Validation MAE: 1.5800436735153198

Epoch 32
-------------------------------
Validation MAE: 1.5598241090774536

Epoch 33
-------------------------------
Validation MAE: 1.5407501459121704

Epoch 34
-------------------------------
Validation MAE: 1.5228312015533447

Epoch 35
-------------------------------
Validation MAE: 1.5054092407226562

Epoch 36
-------------------------------
Validation MAE: 1.4876352548599243

Epoch 37
-------------------------------
Validation MAE: 1.4708834886550903

Epoch 38
-------------------------------
Validation MAE: 1.4541584253311157

Epoch 39
-------------------------------
Validation MAE: 1.43865966796875

Epoch 40
-------------------------------
Validation MAE: 1.4210951328277588

Epoch 41
-------------------------------
Validation MAE: 1.4056673049926758

Epoch 42
-------------------------------
Validation MAE: 1.3902990818023682

Epoch 43
-------------------------------
Validation MAE: 1.3769850730895996

Epoch 44
-------------------------------
Validation MAE: 1.3620167970657349

Epoch 45
-------------------------------
Validation MAE: 1.3477072715759277

Epoch 46
-------------------------------
Validation MAE: 1.3352367877960205

Epoch 47
-------------------------------
Validation MAE: 1.3212509155273438

Epoch 48
-------------------------------
Validation MAE: 1.3078755140304565

Epoch 49
-------------------------------
Validation MAE: 1.2960776090621948

Epoch 50
-------------------------------
Validation MAE: 1.2835965156555176

Finished training on train_size=2000
 Testing MAE = (2.8990161426979384, tensor(1.2918, device='cuda:0'))
Trainset= 4000
Perfoming training
Epoch 1
-------------------------------
Validation MAE: 6.085916042327881

Epoch 2
-------------------------------
Validation MAE: 5.125009059906006

Epoch 3
-------------------------------
Validation MAE: 3.7821829319000244

Epoch 4
-------------------------------
Validation MAE: 2.784198522567749

Epoch 5
-------------------------------
Validation MAE: 2.389645576477051

Epoch 6
-------------------------------
Validation MAE: 2.1732208728790283

Epoch 7
-------------------------------
Validation MAE: 2.0381481647491455

Epoch 8
-------------------------------
Validation MAE: 1.9796185493469238

Epoch 9
-------------------------------
Validation MAE: 1.9847735166549683

Epoch 10
-------------------------------
Validation MAE: 2.030888319015503

Epoch 11
-------------------------------
Validation MAE: 2.0874149799346924

Epoch 12
-------------------------------
Validation MAE: 2.1073148250579834

Epoch 13
-------------------------------
Validation MAE: 2.0966598987579346

Epoch 14
-------------------------------
Validation MAE: 2.0551095008850098

Epoch 15
-------------------------------
Validation MAE: 2.0008413791656494

Epoch 16
-------------------------------
Validation MAE: 1.9371857643127441

Epoch 17
-------------------------------
Validation MAE: 1.865346908569336

Epoch 18
-------------------------------
Validation MAE: 1.7779262065887451

Epoch 19
-------------------------------
Validation MAE: 1.6951736211776733

Epoch 20
-------------------------------
Validation MAE: 1.6178457736968994

Epoch 21
-------------------------------
Validation MAE: 1.54320228099823

Epoch 22
-------------------------------
Validation MAE: 1.4780585765838623

Epoch 23
-------------------------------
Validation MAE: 1.4242182970046997

Epoch 24
-------------------------------
Validation MAE: 1.3881710767745972

Epoch 25
-------------------------------
Validation MAE: 1.3584470748901367

Epoch 26
-------------------------------
Validation MAE: 1.3347328901290894

Epoch 27
-------------------------------
Validation MAE: 1.318246841430664

Epoch 28
-------------------------------
Validation MAE: 1.3090345859527588

Epoch 29
-------------------------------
Validation MAE: 1.3014442920684814

Epoch 30
-------------------------------
Validation MAE: 1.2943451404571533

Epoch 31
-------------------------------
Validation MAE: 1.2863847017288208

Epoch 32
-------------------------------
Validation MAE: 1.2764647006988525

Epoch 33
-------------------------------
Validation MAE: 1.2622250318527222

Epoch 34
-------------------------------
Validation MAE: 1.2435914278030396

Epoch 35
-------------------------------
Validation MAE: 1.2297077178955078

Epoch 36
-------------------------------
Validation MAE: 1.2093162536621094

Epoch 37
-------------------------------
Validation MAE: 1.1878526210784912

Epoch 38
-------------------------------
Validation MAE: 1.1722707748413086

Epoch 39
-------------------------------
Validation MAE: 1.1491843461990356

Epoch 40
-------------------------------
Validation MAE: 1.1267917156219482

Epoch 41
-------------------------------
Validation MAE: 1.120900273323059

Epoch 42
-------------------------------
Validation MAE: 1.0931204557418823

Epoch 43
-------------------------------
Validation MAE: 1.0844966173171997

Epoch 44
-------------------------------
Validation MAE: 1.0734206438064575

Epoch 45
-------------------------------
Validation MAE: 1.0610356330871582

Epoch 46
-------------------------------
Validation MAE: 1.0559051036834717

Epoch 47
-------------------------------
Validation MAE: 1.0451545715332031

Epoch 48
-------------------------------
Validation MAE: 1.0379492044448853

Epoch 49
-------------------------------
Validation MAE: 1.0329864025115967

Epoch 50
-------------------------------
Validation MAE: 1.0313405990600586

Finished training on train_size=4000
 Testing MAE = (1.915770166098725, tensor(1.0516, device='cuda:0'))
Trainset= 8000
Perfoming training
Epoch 1
-------------------------------
Validation MAE: 3.0934722423553467

Epoch 2
-------------------------------
Validation MAE: 2.2392754554748535

Epoch 3
-------------------------------
Validation MAE: 1.914466142654419

Epoch 4
-------------------------------
Validation MAE: 1.704160451889038

Epoch 5
-------------------------------
Validation MAE: 1.5831674337387085

Epoch 6
-------------------------------
Validation MAE: 1.518324851989746

Epoch 7
-------------------------------
Validation MAE: 1.4246957302093506

Epoch 8
-------------------------------
Validation MAE: 1.3414537906646729

Epoch 9
-------------------------------
Validation MAE: 1.271843433380127

Epoch 10
-------------------------------
Validation MAE: 1.2252626419067383

Epoch 11
-------------------------------
Validation MAE: 1.201444387435913

Epoch 12
-------------------------------
Validation MAE: 1.1632393598556519

Epoch 13
-------------------------------
Validation MAE: 1.117541790008545

Epoch 14
-------------------------------
Validation MAE: 1.0773346424102783

Epoch 15
-------------------------------
Validation MAE: 1.0508180856704712

Epoch 16
-------------------------------
Validation MAE: 1.0287836790084839

Epoch 17
-------------------------------
Validation MAE: 1.0195938348770142

Epoch 18
-------------------------------
Validation MAE: 1.0137364864349365

Epoch 19
-------------------------------
Validation MAE: 1.0067836046218872

Epoch 20
-------------------------------
Validation MAE: 0.9935292601585388

Epoch 21
-------------------------------
Validation MAE: 0.9889451265335083

Epoch 22
-------------------------------
Validation MAE: 0.9681916832923889

Epoch 23
-------------------------------
Validation MAE: 0.9639412760734558

Epoch 24
-------------------------------
Validation MAE: 0.9553794860839844

Epoch 25
-------------------------------
Validation MAE: 0.9478960633277893

Epoch 26
-------------------------------
Validation MAE: 0.948196530342102

Epoch 27
-------------------------------
Validation MAE: 0.9177466034889221

Epoch 28
-------------------------------
Validation MAE: 0.9028168320655823

Epoch 29
-------------------------------
Validation MAE: 0.9015408158302307

Epoch 30
-------------------------------
Validation MAE: 0.891691267490387

Epoch 31
-------------------------------
Validation MAE: 0.879352867603302

Epoch 32
-------------------------------
Validation MAE: 0.8816347718238831

Epoch 33
-------------------------------
Validation MAE: 0.8508030772209167

Epoch 34
-------------------------------
Validation MAE: 0.8700140118598938

Epoch 35
-------------------------------
Validation MAE: 0.8460149168968201

Epoch 36
-------------------------------
Validation MAE: 0.8459644913673401

Epoch 37
-------------------------------
Validation MAE: 0.8471302390098572

Epoch 38
-------------------------------
Validation MAE: 0.8326752185821533

Epoch 39
-------------------------------
Validation MAE: 0.8333901762962341

Epoch 40
-------------------------------
Validation MAE: 0.8191174268722534

Epoch 41
-------------------------------
Validation MAE: 0.8143807053565979

Epoch 42
-------------------------------
Validation MAE: 0.8261880278587341

Epoch 43
-------------------------------
Validation MAE: 0.8004650473594666

Epoch 44
-------------------------------
Validation MAE: 0.8282828330993652

Epoch 45
-------------------------------
Validation MAE: 0.7922240495681763

Epoch 46
-------------------------------
Validation MAE: 0.8174886703491211

Epoch 47
-------------------------------
Validation MAE: 0.7968156337738037

Epoch 48
-------------------------------
Validation MAE: 0.7962650656700134

Epoch 49
-------------------------------
Validation MAE: 0.7749094367027283

Epoch 50
-------------------------------
Validation MAE: 0.790392279624939

Finished training on train_size=8000
 Testing MAE = (1.0024514861030667, tensor(0.7722, device='cuda:0'))
Trainset= 10000
Perfoming training
Epoch 1
-------------------------------
Validation MAE: 5.43416166305542

Epoch 2
-------------------------------
Validation MAE: 3.7370429039001465

Epoch 3
-------------------------------
Validation MAE: 2.32425856590271

Epoch 4
-------------------------------
Validation MAE: 1.9397553205490112

Epoch 5
-------------------------------
Validation MAE: 1.7044187784194946

Epoch 6
-------------------------------
Validation MAE: 1.569920539855957

Epoch 7
-------------------------------
Validation MAE: 1.484884262084961

Epoch 8
-------------------------------
Validation MAE: 1.4085848331451416

Epoch 9
-------------------------------
Validation MAE: 1.3246495723724365

Epoch 10
-------------------------------
Validation MAE: 1.2482506036758423

Epoch 11
-------------------------------
Validation MAE: 1.1799062490463257

Epoch 12
-------------------------------
Validation MAE: 1.1167494058609009

Epoch 13
-------------------------------
Validation MAE: 1.0632418394088745

Epoch 14
-------------------------------
Validation MAE: 1.0281211137771606

Epoch 15
-------------------------------
Validation MAE: 1.0046120882034302

Epoch 16
-------------------------------
Validation MAE: 0.9868838787078857

Epoch 17
-------------------------------
Validation MAE: 0.9686518907546997

Epoch 18
-------------------------------
Validation MAE: 0.9556189179420471

Epoch 19
-------------------------------
Validation MAE: 0.9384201169013977

Epoch 20
-------------------------------
Validation MAE: 0.9267699122428894

Epoch 21
-------------------------------
Validation MAE: 0.910767674446106

Epoch 22
-------------------------------
Validation MAE: 0.9024503231048584

Epoch 23
-------------------------------
Validation MAE: 0.8824785351753235

Epoch 24
-------------------------------
Validation MAE: 0.8775508999824524

Epoch 25
-------------------------------
Validation MAE: 0.8589997291564941

Epoch 26
-------------------------------
Validation MAE: 0.852378785610199

Epoch 27
-------------------------------
Validation MAE: 0.8370353579521179

Epoch 28
-------------------------------
Validation MAE: 0.8349699974060059

Epoch 29
-------------------------------
Validation MAE: 0.8201693296432495

Epoch 30
-------------------------------
Validation MAE: 0.8204247355461121

Epoch 31
-------------------------------
Validation MAE: 0.8059180974960327

Epoch 32
-------------------------------
Validation MAE: 0.8036180734634399

Epoch 33
-------------------------------
Validation MAE: 0.7931540012359619

Epoch 34
-------------------------------
Validation MAE: 0.7927465438842773

Epoch 35
-------------------------------
Validation MAE: 0.7819806337356567

Epoch 36
-------------------------------
Validation MAE: 0.7835426330566406

Epoch 37
-------------------------------
Validation MAE: 0.7731198072433472

Epoch 38
-------------------------------
Validation MAE: 0.7745972275733948

Epoch 39
-------------------------------
Validation MAE: 0.7684735655784607

Epoch 40
-------------------------------
Validation MAE: 0.769160270690918

Epoch 41
-------------------------------
Validation MAE: 0.7663821578025818

Epoch 42
-------------------------------
Validation MAE: 0.7678784132003784

Epoch 43
-------------------------------
Validation MAE: 0.7611078023910522

Epoch 44
-------------------------------
Validation MAE: 0.764593780040741

Epoch 45
-------------------------------
Validation MAE: 0.7609607577323914

Epoch 46
-------------------------------
Validation MAE: 0.7656580805778503

Epoch 47
-------------------------------
Validation MAE: 0.7577579021453857

Epoch 48
-------------------------------
Validation MAE: 0.7665408253669739

Epoch 49
-------------------------------
Validation MAE: 0.765001118183136

Epoch 50
-------------------------------
Validation MAE: 0.7707075476646423

Finished training on train_size=10000
 Testing MAE = (1.0463665076338065, tensor(0.7858, device='cuda:0'))
Trainset= 20000
Perfoming training
Epoch 1
-------------------------------
Validation MAE: 2.5987980365753174

Epoch 2
-------------------------------
Validation MAE: 1.8747345209121704

Epoch 3
-------------------------------
Validation MAE: 1.5527369976043701

Epoch 4
-------------------------------
Validation MAE: 1.3554970026016235

Epoch 5
-------------------------------
Validation MAE: 1.1707713603973389

Epoch 6
-------------------------------
Validation MAE: 1.0778887271881104

Epoch 7
-------------------------------
Validation MAE: 0.9975828528404236

Epoch 8
-------------------------------
Validation MAE: 0.9367605447769165

Epoch 9
-------------------------------
Validation MAE: 0.8848146796226501

Epoch 10
-------------------------------
Validation MAE: 0.8471218347549438

Epoch 11
-------------------------------
Validation MAE: 0.8206833600997925

Epoch 12
-------------------------------
Validation MAE: 0.8022416234016418

Epoch 13
-------------------------------
Validation MAE: 0.7931942343711853

Epoch 14
-------------------------------
Validation MAE: 0.7733365297317505

Epoch 15
-------------------------------
Validation MAE: 0.7582200169563293

Epoch 16
-------------------------------
Validation MAE: 0.7405205965042114

Epoch 17
-------------------------------
Validation MAE: 0.7215576767921448

Epoch 18
-------------------------------
Validation MAE: 0.7111799120903015

Epoch 19
-------------------------------
Validation MAE: 0.7015491127967834

Epoch 20
-------------------------------
Validation MAE: 0.6849914193153381

Epoch 21
-------------------------------
Validation MAE: 0.6765134334564209

Epoch 22
-------------------------------
Validation MAE: 0.6700437664985657

Epoch 23
-------------------------------
Validation MAE: 0.6604400277137756

Epoch 24
-------------------------------
Validation MAE: 0.6669992804527283

Epoch 25
-------------------------------
Validation MAE: 0.6585965156555176

Epoch 26
-------------------------------
Validation MAE: 0.6470257043838501

Epoch 27
-------------------------------
Validation MAE: 0.6561547517776489

Epoch 28
-------------------------------
Validation MAE: 0.6416031122207642

Epoch 29
-------------------------------
Validation MAE: 0.6416944265365601

Epoch 30
-------------------------------
Validation MAE: 0.6298654675483704

Epoch 31
-------------------------------
Validation MAE: 0.617480993270874

Epoch 32
-------------------------------
Validation MAE: 0.603079080581665

Epoch 33
-------------------------------
Validation MAE: 0.5994580984115601

Epoch 34
-------------------------------
Validation MAE: 0.6045201420783997

Epoch 35
-------------------------------
Validation MAE: 0.5891178250312805

Epoch 36
-------------------------------
Validation MAE: 0.580320417881012

Epoch 37
-------------------------------
Validation MAE: 0.5866184234619141

Epoch 38
-------------------------------
Validation MAE: 0.5806968808174133

Epoch 39
-------------------------------
Validation MAE: 0.565966784954071

Epoch 40
-------------------------------
Validation MAE: 0.563157320022583

Epoch 41
-------------------------------
Validation MAE: 0.5539069771766663

Epoch 42
-------------------------------
Validation MAE: 0.5484572052955627

Epoch 43
-------------------------------
Validation MAE: 0.5498306751251221

Epoch 44
-------------------------------
Validation MAE: 0.5417780876159668

Epoch 45
-------------------------------
Validation MAE: 0.537687361240387

Epoch 46
-------------------------------
Validation MAE: 0.5379371047019958

Epoch 47
-------------------------------
Validation MAE: 0.5371047258377075

Epoch 48
-------------------------------
Validation MAE: 0.5310752987861633

Epoch 49
-------------------------------
Validation MAE: 0.5326359272003174

Epoch 50
-------------------------------
Validation MAE: 0.5340304374694824

Finished training on train_size=20000
 Testing MAE = (0.4642921642326851, tensor(0.5343, device='cuda:0'))
Trainset= 30000
Perfoming training
Epoch 1
-------------------------------
Validation MAE: 2.4739835262298584

Epoch 2
-------------------------------
Validation MAE: 1.8847086429595947

Epoch 3
-------------------------------
Validation MAE: 1.538899302482605

Epoch 4
-------------------------------
Validation MAE: 1.4471005201339722

Epoch 5
-------------------------------
Validation MAE: 1.2359278202056885

Epoch 6
-------------------------------
Validation MAE: 1.0987974405288696

Epoch 7
-------------------------------
Validation MAE: 1.0196877717971802

Epoch 8
-------------------------------
Validation MAE: 0.9638267159461975

Epoch 9
-------------------------------
Validation MAE: 0.9211201071739197

Epoch 10
-------------------------------
Validation MAE: 0.89447420835495

Epoch 11
-------------------------------
Validation MAE: 0.8676578998565674

Epoch 12
-------------------------------
Validation MAE: 0.8470658659934998

Epoch 13
-------------------------------
Validation MAE: 0.8278658390045166

Epoch 14
-------------------------------
Validation MAE: 0.812789261341095

Epoch 15
-------------------------------
Validation MAE: 0.7994872331619263

Epoch 16
-------------------------------
Validation MAE: 0.7819181680679321

Epoch 17
-------------------------------
Validation MAE: 0.7727171182632446

Epoch 18
-------------------------------
Validation MAE: 0.7595629096031189

Epoch 19
-------------------------------
Validation MAE: 0.7541298270225525

Epoch 20
-------------------------------
Validation MAE: 0.7432754635810852

Epoch 21
-------------------------------
Validation MAE: 0.7335429787635803

Epoch 22
-------------------------------
Validation MAE: 0.7216376662254333

Epoch 23
-------------------------------
Validation MAE: 0.7121480703353882

Epoch 24
-------------------------------
Validation MAE: 0.701749324798584

Epoch 25
-------------------------------
Validation MAE: 0.6958809494972229

Epoch 26
-------------------------------
Validation MAE: 0.6868680119514465

Epoch 27
-------------------------------
Validation MAE: 0.6754111051559448

Epoch 28
-------------------------------
Validation MAE: 0.6692452430725098

Epoch 29
-------------------------------
Validation MAE: 0.6654765605926514

Epoch 30
-------------------------------
Validation MAE: 0.6592080593109131

Epoch 31
-------------------------------
Validation MAE: 0.6489208936691284

Epoch 32
-------------------------------
Validation MAE: 0.645989179611206

Epoch 33
-------------------------------
Validation MAE: 0.6410659551620483

Epoch 34
-------------------------------
Validation MAE: 0.6341339349746704

Epoch 35
-------------------------------
Validation MAE: 0.6288626790046692

Epoch 36
-------------------------------
Validation MAE: 0.6294395923614502

Epoch 37
-------------------------------
Validation MAE: 0.6214147210121155

Epoch 38
-------------------------------
Validation MAE: 0.6127762198448181

Epoch 39
-------------------------------
Validation MAE: 0.604712963104248

Epoch 40
-------------------------------
Validation MAE: 0.6045274138450623

Epoch 41
-------------------------------
Validation MAE: 0.595538854598999

Epoch 42
-------------------------------
Validation MAE: 0.5908063650131226

Epoch 43
-------------------------------
Validation MAE: 0.5871337056159973

Epoch 44
-------------------------------
Validation MAE: 0.581964373588562

Epoch 45
-------------------------------
Validation MAE: 0.5786817669868469

Epoch 46
-------------------------------
Validation MAE: 0.5742565393447876

Epoch 47
-------------------------------
Validation MAE: 0.5726442933082581

Epoch 48
-------------------------------
Validation MAE: 0.5702712535858154

Epoch 49
-------------------------------
Validation MAE: 0.5686348676681519

Epoch 50
-------------------------------
Validation MAE: 0.5644749999046326

Finished training on train_size=30000
 Testing MAE = (0.5191827642793854, tensor(0.5607, device='cuda:0'))
training is over :-)

###########################################################################

*** [TIMING] end Jan 17, 13:43:20 ***
*** [TIMING] duration 21:52[0:21:44] ***

