Starting Program
training starts
*** JOB 'split-ra' (ID: 23107008) ***
*** taurusi2087: 1 node(s),  8 core(s) in total ***
*** Submitted in: /lustre/scratch2/ws/1/medranos-DFTBprojects/raghav/Prop_pred ***

*** [TIMING] start Jan 20, 10:52:25 ***
*** [TIMING] walltime 3-23:59:51 [95:59:51] ends Jan 24, 10:52:16 ***



JOB OUTPUT:
###########################################################################

training starts
Defaulting to user installation because normal site-packages is not writeable
Requirement already satisfied: dscribe in /home/h3/medranos/.local/lib/python3.8/site-packages (1.2.1)
Requirement already satisfied: scipy in /home/h3/medranos/.local/lib/python3.8/site-packages (from dscribe) (1.7.1)
Requirement already satisfied: numpy in /home/h3/medranos/.local/lib/python3.8/site-packages (from dscribe) (1.19.5)
Requirement already satisfied: sparse in /home/h3/medranos/.local/lib/python3.8/site-packages (from dscribe) (0.13.0)
Requirement already satisfied: scikit-learn in /home/h3/medranos/.local/lib/python3.8/site-packages (from dscribe) (1.0.1)
Requirement already satisfied: ase>=3.19.0 in /home/h3/medranos/.local/lib/python3.8/site-packages (from dscribe) (3.22.0)
Requirement already satisfied: pybind11>=2.4 in /home/h3/medranos/.local/lib/python3.8/site-packages (from dscribe) (2.9.0)
Requirement already satisfied: joblib>=1.0.0 in /home/h3/medranos/.local/lib/python3.8/site-packages (from dscribe) (1.1.0)
Requirement already satisfied: numba>=0.49 in /home/h3/medranos/.local/lib/python3.8/site-packages (from sparse->dscribe) (0.54.1)
Requirement already satisfied: threadpoolctl>=2.0.0 in /software/haswell/Python/3.8.6-GCCcore-10.2.0/lib/python3.8/site-packages (from scikit-learn->dscribe) (2.1.0)
Requirement already satisfied: matplotlib>=3.1.0 in /home/h3/medranos/.local/lib/python3.8/site-packages (from ase>=3.19.0->dscribe) (3.4.3)
Requirement already satisfied: setuptools in /software/haswell/Python/3.8.6-GCCcore-10.2.0/lib/python3.8/site-packages (from numba>=0.49->sparse->dscribe) (50.3.0)
Requirement already satisfied: llvmlite<0.38,>=0.37.0rc1 in /home/h3/medranos/.local/lib/python3.8/site-packages (from numba>=0.49->sparse->dscribe) (0.37.0)
Requirement already satisfied: pillow>=6.2.0 in /home/h3/medranos/.local/lib/python3.8/site-packages (from matplotlib>=3.1.0->ase>=3.19.0->dscribe) (8.4.0)
Requirement already satisfied: pyparsing>=2.2.1 in /software/haswell/Python/3.8.6-GCCcore-10.2.0/lib/python3.8/site-packages (from matplotlib>=3.1.0->ase>=3.19.0->dscribe) (2.4.7)
Requirement already satisfied: cycler>=0.10 in /home/h3/medranos/.local/lib/python3.8/site-packages (from matplotlib>=3.1.0->ase>=3.19.0->dscribe) (0.10.0)
Requirement already satisfied: python-dateutil>=2.7 in /software/haswell/Python/3.8.6-GCCcore-10.2.0/lib/python3.8/site-packages (from matplotlib>=3.1.0->ase>=3.19.0->dscribe) (2.8.1)
Requirement already satisfied: kiwisolver>=1.0.1 in /home/h3/medranos/.local/lib/python3.8/site-packages (from matplotlib>=3.1.0->ase>=3.19.0->dscribe) (1.3.2)
Requirement already satisfied: six in /software/haswell/Python/3.8.6-GCCcore-10.2.0/lib/python3.8/site-packages (from cycler>=0.10->matplotlib>=3.1.0->ase>=3.19.0->dscribe) (1.15.0)
