Starting Program
training starts
*** JOB 'try-comp' (ID: 24364771) ***
*** taurusi2098: 1 node(s),  1 core(s) in total ***
*** Submitted in: /lustre/scratch2/ws/1/medranos-DFTBprojects/raghav/Prop_pred ***

*** [TIMING] start Mar 10, 00:50:47 ***
*** [TIMING] walltime 3-23:59:54 [95:59:54] ends Mar 14, 00:50:41 ***



JOB OUTPUT:
###########################################################################

training starts
41537
extracted the properties
Perfoming training
True
0
<torch.cuda.device object at 0x2ac436222b00>
1
Tesla K80
training is over :-)

###########################################################################

*** [TIMING] end Mar 10, 01:04:52 ***
*** [TIMING] duration 14:11[0:14:05] ***

