The following modules were not unloaded:
  (Use "module --force purge" to unload all):

  1) modenv/scs5
Module Python/3.6.4-intel-2018a and 18 dependencies loaded.
Module cuDNN/8.0.4.30-CUDA-11.1.1 and 1 dependency loaded.
/home/h3/medranos/vdftb20/lib/python3.6/site-packages/schnetpack/data/atoms.py:327: UserWarning: The given NumPy array is not writeable, and PyTorch does not support non-writeable tensors. This means you can write to the underlying (supposedly non-writeable) NumPy array using the tensor. You may want to copy the array to protect its data or make it writeable before converting it to a tensor. This type of warning will be suppressed for the rest of this program. (Triggered internally at  /pytorch/torch/csrc/utils/tensor_numpy.cpp:143.)
  properties[pname] = torch.FloatTensor(prop)
/home/h3/medranos/vdftb20/lib/python3.6/site-packages/ase/atoms.py:968: VisibleDeprecationWarning: Use get_global_number_of_atoms() instead
  np.VisibleDeprecationWarning)
/scratch/ws/1/medranos-TUDprojects/raghav/Prop_pred/sdftb_eat_qm9.py:261: UserWarning: nn.init.xavier_uniform is now deprecated in favor of nn.init.xavier_uniform_.
  torch.nn.init.xavier_uniform(m.weight)
/scratch/ws/1/medranos-TUDprojects/raghav/Prop_pred/sdftb_eat_qm9.py:485: UserWarning: Stopping early after 4114 epochs for 16000
  warnings.warn(f"Stopping early after {t+1} epochs for {n_train}")
/scratch/ws/1/medranos-TUDprojects/raghav/Prop_pred/sdftb_eat_qm9.py:261: UserWarning: nn.init.xavier_uniform is now deprecated in favor of nn.init.xavier_uniform_.
  torch.nn.init.xavier_uniform(m.weight)
/scratch/ws/1/medranos-TUDprojects/raghav/Prop_pred/sdftb_eat_qm9.py:485: UserWarning: Stopping early after 3552 epochs for 16000
  warnings.warn(f"Stopping early after {t+1} epochs for {n_train}")
/scratch/ws/1/medranos-TUDprojects/raghav/Prop_pred/sdftb_eat_qm9.py:261: UserWarning: nn.init.xavier_uniform is now deprecated in favor of nn.init.xavier_uniform_.
  torch.nn.init.xavier_uniform(m.weight)
/scratch/ws/1/medranos-TUDprojects/raghav/Prop_pred/sdftb_eat_qm9.py:485: UserWarning: Stopping early after 4458 epochs for 500
  warnings.warn(f"Stopping early after {t+1} epochs for {n_train}")
/scratch/ws/1/medranos-TUDprojects/raghav/Prop_pred/sdftb_eat_qm9.py:261: UserWarning: nn.init.xavier_uniform is now deprecated in favor of nn.init.xavier_uniform_.
  torch.nn.init.xavier_uniform(m.weight)
/scratch/ws/1/medranos-TUDprojects/raghav/Prop_pred/sdftb_eat_qm9.py:485: UserWarning: Stopping early after 3462 epochs for 500
  warnings.warn(f"Stopping early after {t+1} epochs for {n_train}")
/scratch/ws/1/medranos-TUDprojects/raghav/Prop_pred/sdftb_eat_qm9.py:261: UserWarning: nn.init.xavier_uniform is now deprecated in favor of nn.init.xavier_uniform_.
  torch.nn.init.xavier_uniform(m.weight)
/scratch/ws/1/medranos-TUDprojects/raghav/Prop_pred/sdftb_eat_qm9.py:485: UserWarning: Stopping early after 3388 epochs for 500
  warnings.warn(f"Stopping early after {t+1} epochs for {n_train}")
/scratch/ws/1/medranos-TUDprojects/raghav/Prop_pred/sdftb_eat_qm9.py:261: UserWarning: nn.init.xavier_uniform is now deprecated in favor of nn.init.xavier_uniform_.
  torch.nn.init.xavier_uniform(m.weight)
/scratch/ws/1/medranos-TUDprojects/raghav/Prop_pred/sdftb_eat_qm9.py:485: UserWarning: Stopping early after 4097 epochs for 500
  warnings.warn(f"Stopping early after {t+1} epochs for {n_train}")
/scratch/ws/1/medranos-TUDprojects/raghav/Prop_pred/sdftb_eat_qm9.py:261: UserWarning: nn.init.xavier_uniform is now deprecated in favor of nn.init.xavier_uniform_.
  torch.nn.init.xavier_uniform(m.weight)
/scratch/ws/1/medranos-TUDprojects/raghav/Prop_pred/sdftb_eat_qm9.py:485: UserWarning: Stopping early after 3515 epochs for 500
  warnings.warn(f"Stopping early after {t+1} epochs for {n_train}")
/scratch/ws/1/medranos-TUDprojects/raghav/Prop_pred/sdftb_eat_qm9.py:261: UserWarning: nn.init.xavier_uniform is now deprecated in favor of nn.init.xavier_uniform_.
  torch.nn.init.xavier_uniform(m.weight)
/scratch/ws/1/medranos-TUDprojects/raghav/Prop_pred/sdftb_eat_qm9.py:485: UserWarning: Stopping early after 9927 epochs for 500
  warnings.warn(f"Stopping early after {t+1} epochs for {n_train}")
/scratch/ws/1/medranos-TUDprojects/raghav/Prop_pred/sdftb_eat_qm9.py:261: UserWarning: nn.init.xavier_uniform is now deprecated in favor of nn.init.xavier_uniform_.
  torch.nn.init.xavier_uniform(m.weight)
/scratch/ws/1/medranos-TUDprojects/raghav/Prop_pred/sdftb_eat_qm9.py:485: UserWarning: Stopping early after 3535 epochs for 500
  warnings.warn(f"Stopping early after {t+1} epochs for {n_train}")
/scratch/ws/1/medranos-TUDprojects/raghav/Prop_pred/sdftb_eat_qm9.py:261: UserWarning: nn.init.xavier_uniform is now deprecated in favor of nn.init.xavier_uniform_.
  torch.nn.init.xavier_uniform(m.weight)
/scratch/ws/1/medranos-TUDprojects/raghav/Prop_pred/sdftb_eat_qm9.py:485: UserWarning: Stopping early after 3654 epochs for 500
  warnings.warn(f"Stopping early after {t+1} epochs for {n_train}")
/scratch/ws/1/medranos-TUDprojects/raghav/Prop_pred/sdftb_eat_qm9.py:261: UserWarning: nn.init.xavier_uniform is now deprecated in favor of nn.init.xavier_uniform_.
  torch.nn.init.xavier_uniform(m.weight)
/scratch/ws/1/medranos-TUDprojects/raghav/Prop_pred/sdftb_eat_qm9.py:485: UserWarning: Stopping early after 2627 epochs for 500
  warnings.warn(f"Stopping early after {t+1} epochs for {n_train}")
/scratch/ws/1/medranos-TUDprojects/raghav/Prop_pred/sdftb_eat_qm9.py:261: UserWarning: nn.init.xavier_uniform is now deprecated in favor of nn.init.xavier_uniform_.
  torch.nn.init.xavier_uniform(m.weight)
/scratch/ws/1/medranos-TUDprojects/raghav/Prop_pred/sdftb_eat_qm9.py:485: UserWarning: Stopping early after 3230 epochs for 500
  warnings.warn(f"Stopping early after {t+1} epochs for {n_train}")
/scratch/ws/1/medranos-TUDprojects/raghav/Prop_pred/sdftb_eat_qm9.py:261: UserWarning: nn.init.xavier_uniform is now deprecated in favor of nn.init.xavier_uniform_.
  torch.nn.init.xavier_uniform(m.weight)
/scratch/ws/1/medranos-TUDprojects/raghav/Prop_pred/sdftb_eat_qm9.py:485: UserWarning: Stopping early after 4629 epochs for 500
  warnings.warn(f"Stopping early after {t+1} epochs for {n_train}")
/scratch/ws/1/medranos-TUDprojects/raghav/Prop_pred/sdftb_eat_qm9.py:261: UserWarning: nn.init.xavier_uniform is now deprecated in favor of nn.init.xavier_uniform_.
  torch.nn.init.xavier_uniform(m.weight)
/scratch/ws/1/medranos-TUDprojects/raghav/Prop_pred/sdftb_eat_qm9.py:485: UserWarning: Stopping early after 3230 epochs for 500
  warnings.warn(f"Stopping early after {t+1} epochs for {n_train}")
/scratch/ws/1/medranos-TUDprojects/raghav/Prop_pred/sdftb_eat_qm9.py:261: UserWarning: nn.init.xavier_uniform is now deprecated in favor of nn.init.xavier_uniform_.
  torch.nn.init.xavier_uniform(m.weight)
/scratch/ws/1/medranos-TUDprojects/raghav/Prop_pred/sdftb_eat_qm9.py:485: UserWarning: Stopping early after 2249 epochs for 500
  warnings.warn(f"Stopping early after {t+1} epochs for {n_train}")
/scratch/ws/1/medranos-TUDprojects/raghav/Prop_pred/sdftb_eat_qm9.py:261: UserWarning: nn.init.xavier_uniform is now deprecated in favor of nn.init.xavier_uniform_.
  torch.nn.init.xavier_uniform(m.weight)
/scratch/ws/1/medranos-TUDprojects/raghav/Prop_pred/sdftb_eat_qm9.py:485: UserWarning: Stopping early after 4318 epochs for 500
  warnings.warn(f"Stopping early after {t+1} epochs for {n_train}")
/scratch/ws/1/medranos-TUDprojects/raghav/Prop_pred/sdftb_eat_qm9.py:261: UserWarning: nn.init.xavier_uniform is now deprecated in favor of nn.init.xavier_uniform_.
  torch.nn.init.xavier_uniform(m.weight)
/scratch/ws/1/medranos-TUDprojects/raghav/Prop_pred/sdftb_eat_qm9.py:485: UserWarning: Stopping early after 3818 epochs for 500
  warnings.warn(f"Stopping early after {t+1} epochs for {n_train}")
/scratch/ws/1/medranos-TUDprojects/raghav/Prop_pred/sdftb_eat_qm9.py:261: UserWarning: nn.init.xavier_uniform is now deprecated in favor of nn.init.xavier_uniform_.
  torch.nn.init.xavier_uniform(m.weight)
/scratch/ws/1/medranos-TUDprojects/raghav/Prop_pred/sdftb_eat_qm9.py:485: UserWarning: Stopping early after 3396 epochs for 500
  warnings.warn(f"Stopping early after {t+1} epochs for {n_train}")
/scratch/ws/1/medranos-TUDprojects/raghav/Prop_pred/sdftb_eat_qm9.py:261: UserWarning: nn.init.xavier_uniform is now deprecated in favor of nn.init.xavier_uniform_.
  torch.nn.init.xavier_uniform(m.weight)
/scratch/ws/1/medranos-TUDprojects/raghav/Prop_pred/sdftb_eat_qm9.py:485: UserWarning: Stopping early after 2525 epochs for 500
  warnings.warn(f"Stopping early after {t+1} epochs for {n_train}")
/scratch/ws/1/medranos-TUDprojects/raghav/Prop_pred/sdftb_eat_qm9.py:261: UserWarning: nn.init.xavier_uniform is now deprecated in favor of nn.init.xavier_uniform_.
  torch.nn.init.xavier_uniform(m.weight)
/scratch/ws/1/medranos-TUDprojects/raghav/Prop_pred/sdftb_eat_qm9.py:485: UserWarning: Stopping early after 4135 epochs for 500
  warnings.warn(f"Stopping early after {t+1} epochs for {n_train}")
/scratch/ws/1/medranos-TUDprojects/raghav/Prop_pred/sdftb_eat_qm9.py:261: UserWarning: nn.init.xavier_uniform is now deprecated in favor of nn.init.xavier_uniform_.
  torch.nn.init.xavier_uniform(m.weight)
/scratch/ws/1/medranos-TUDprojects/raghav/Prop_pred/sdftb_eat_qm9.py:485: UserWarning: Stopping early after 4874 epochs for 500
  warnings.warn(f"Stopping early after {t+1} epochs for {n_train}")
/scratch/ws/1/medranos-TUDprojects/raghav/Prop_pred/sdftb_eat_qm9.py:261: UserWarning: nn.init.xavier_uniform is now deprecated in favor of nn.init.xavier_uniform_.
  torch.nn.init.xavier_uniform(m.weight)
/scratch/ws/1/medranos-TUDprojects/raghav/Prop_pred/sdftb_eat_qm9.py:485: UserWarning: Stopping early after 3652 epochs for 500
  warnings.warn(f"Stopping early after {t+1} epochs for {n_train}")
/scratch/ws/1/medranos-TUDprojects/raghav/Prop_pred/sdftb_eat_qm9.py:261: UserWarning: nn.init.xavier_uniform is now deprecated in favor of nn.init.xavier_uniform_.
  torch.nn.init.xavier_uniform(m.weight)
/scratch/ws/1/medranos-TUDprojects/raghav/Prop_pred/sdftb_eat_qm9.py:485: UserWarning: Stopping early after 2971 epochs for 500
  warnings.warn(f"Stopping early after {t+1} epochs for {n_train}")
/scratch/ws/1/medranos-TUDprojects/raghav/Prop_pred/sdftb_eat_qm9.py:261: UserWarning: nn.init.xavier_uniform is now deprecated in favor of nn.init.xavier_uniform_.
  torch.nn.init.xavier_uniform(m.weight)
/scratch/ws/1/medranos-TUDprojects/raghav/Prop_pred/sdftb_eat_qm9.py:485: UserWarning: Stopping early after 4726 epochs for 500
  warnings.warn(f"Stopping early after {t+1} epochs for {n_train}")
/scratch/ws/1/medranos-TUDprojects/raghav/Prop_pred/sdftb_eat_qm9.py:261: UserWarning: nn.init.xavier_uniform is now deprecated in favor of nn.init.xavier_uniform_.
  torch.nn.init.xavier_uniform(m.weight)
/scratch/ws/1/medranos-TUDprojects/raghav/Prop_pred/sdftb_eat_qm9.py:485: UserWarning: Stopping early after 2484 epochs for 4000
  warnings.warn(f"Stopping early after {t+1} epochs for {n_train}")
/scratch/ws/1/medranos-TUDprojects/raghav/Prop_pred/sdftb_eat_qm9.py:261: UserWarning: nn.init.xavier_uniform is now deprecated in favor of nn.init.xavier_uniform_.
  torch.nn.init.xavier_uniform(m.weight)
/scratch/ws/1/medranos-TUDprojects/raghav/Prop_pred/sdftb_eat_qm9.py:485: UserWarning: Stopping early after 3326 epochs for 4000
  warnings.warn(f"Stopping early after {t+1} epochs for {n_train}")
/scratch/ws/1/medranos-TUDprojects/raghav/Prop_pred/sdftb_eat_qm9.py:261: UserWarning: nn.init.xavier_uniform is now deprecated in favor of nn.init.xavier_uniform_.
  torch.nn.init.xavier_uniform(m.weight)
/scratch/ws/1/medranos-TUDprojects/raghav/Prop_pred/sdftb_eat_qm9.py:485: UserWarning: Stopping early after 2953 epochs for 4000
  warnings.warn(f"Stopping early after {t+1} epochs for {n_train}")
/scratch/ws/1/medranos-TUDprojects/raghav/Prop_pred/sdftb_eat_qm9.py:261: UserWarning: nn.init.xavier_uniform is now deprecated in favor of nn.init.xavier_uniform_.
  torch.nn.init.xavier_uniform(m.weight)
/scratch/ws/1/medranos-TUDprojects/raghav/Prop_pred/sdftb_eat_qm9.py:485: UserWarning: Stopping early after 2436 epochs for 4000
  warnings.warn(f"Stopping early after {t+1} epochs for {n_train}")
/scratch/ws/1/medranos-TUDprojects/raghav/Prop_pred/sdftb_eat_qm9.py:261: UserWarning: nn.init.xavier_uniform is now deprecated in favor of nn.init.xavier_uniform_.
  torch.nn.init.xavier_uniform(m.weight)
/scratch/ws/1/medranos-TUDprojects/raghav/Prop_pred/sdftb_eat_qm9.py:485: UserWarning: Stopping early after 4982 epochs for 4000
  warnings.warn(f"Stopping early after {t+1} epochs for {n_train}")
/scratch/ws/1/medranos-TUDprojects/raghav/Prop_pred/sdftb_eat_qm9.py:261: UserWarning: nn.init.xavier_uniform is now deprecated in favor of nn.init.xavier_uniform_.
  torch.nn.init.xavier_uniform(m.weight)
/scratch/ws/1/medranos-TUDprojects/raghav/Prop_pred/sdftb_eat_qm9.py:485: UserWarning: Stopping early after 4493 epochs for 4000
  warnings.warn(f"Stopping early after {t+1} epochs for {n_train}")
/scratch/ws/1/medranos-TUDprojects/raghav/Prop_pred/sdftb_eat_qm9.py:261: UserWarning: nn.init.xavier_uniform is now deprecated in favor of nn.init.xavier_uniform_.
  torch.nn.init.xavier_uniform(m.weight)
/scratch/ws/1/medranos-TUDprojects/raghav/Prop_pred/sdftb_eat_qm9.py:485: UserWarning: Stopping early after 5675 epochs for 4000
  warnings.warn(f"Stopping early after {t+1} epochs for {n_train}")
/scratch/ws/1/medranos-TUDprojects/raghav/Prop_pred/sdftb_eat_qm9.py:261: UserWarning: nn.init.xavier_uniform is now deprecated in favor of nn.init.xavier_uniform_.
  torch.nn.init.xavier_uniform(m.weight)
/scratch/ws/1/medranos-TUDprojects/raghav/Prop_pred/sdftb_eat_qm9.py:485: UserWarning: Stopping early after 2086 epochs for 4000
  warnings.warn(f"Stopping early after {t+1} epochs for {n_train}")
