Starting Program
41537
Trainset= 8000
Perfoming training
Epoch 1
-------------------------------
Validation MAE: 0.006837484426796436

Epoch 2
-------------------------------
Validation MAE: 0.006566809490323067

Epoch 3
-------------------------------
Validation MAE: 0.007496427744626999

Epoch 4
-------------------------------
Validation MAE: 0.007419044151902199

Epoch 5
-------------------------------
Validation MAE: 0.009432507678866386

Epoch 6
-------------------------------
Validation MAE: 0.008135976269841194

Epoch 7
-------------------------------
Validation MAE: 0.006893043406307697

Epoch 8
-------------------------------
Validation MAE: 0.007264121435582638

Epoch 9
-------------------------------
Validation MAE: 0.008437208831310272

Epoch 10
-------------------------------
Validation MAE: 0.008528044447302818

Epoch 11
-------------------------------
Validation MAE: 0.008111177012324333

Epoch 12
-------------------------------
Validation MAE: 0.008035732433199883

Epoch 13
-------------------------------
Validation MAE: 0.007390523795038462

Epoch 14
-------------------------------
Validation MAE: 0.007479000370949507

Epoch 15
-------------------------------
Validation MAE: 0.0071608698926866055

Epoch 16
-------------------------------
Validation MAE: 0.008254925720393658

Epoch 17
-------------------------------
Validation MAE: 0.008310125209391117

Epoch 18
-------------------------------
Validation MAE: 0.008204953745007515

Epoch 19
-------------------------------
Validation MAE: 0.007357708178460598

Epoch 20
-------------------------------
Validation MAE: 0.007837161421775818

Epoch 21
-------------------------------
Validation MAE: 0.0075028641149401665

Epoch 22
-------------------------------
Validation MAE: 0.0076686786487698555

Epoch 23
-------------------------------
Validation MAE: 0.007686326280236244

Epoch 24
-------------------------------
Validation MAE: 0.008800598792731762

Epoch 25
-------------------------------
Validation MAE: 0.00677687581628561

Epoch 26
-------------------------------
Validation MAE: 0.007404005154967308

Epoch 27
-------------------------------
Validation MAE: 0.00790388137102127

Epoch 28
-------------------------------
Validation MAE: 0.008602054789662361

Epoch 29
-------------------------------
Validation MAE: 0.007548734080046415

Epoch 30
-------------------------------
Validation MAE: 0.007750171702355146

Epoch 31
-------------------------------
Validation MAE: 0.007825354114174843

Epoch 32
-------------------------------
Validation MAE: 0.008235448971390724

Epoch 33
-------------------------------
Validation MAE: 0.009950888343155384

Epoch 34
-------------------------------
Validation MAE: 0.007115171290934086

Epoch 35
-------------------------------
Validation MAE: 0.008841678500175476

Epoch 36
-------------------------------
Validation MAE: 0.00902921985834837

Epoch 37
-------------------------------
Validation MAE: 0.009151394478976727

Epoch 38
-------------------------------
Validation MAE: 0.007787876762449741

Epoch 39
-------------------------------
Validation MAE: 0.0074455770663917065

Epoch 40
-------------------------------
Validation MAE: 0.008298910222947598

Epoch 41
-------------------------------
Validation MAE: 0.008297433145344257

Epoch 42
-------------------------------
Validation MAE: 0.011327040381729603

Epoch 43
-------------------------------
Validation MAE: 0.007982688955962658

Epoch 44
-------------------------------
Validation MAE: 0.008315025828778744

Epoch 45
-------------------------------
Validation MAE: 0.007417959161102772

Epoch 46
-------------------------------
Validation MAE: 0.009893638081848621

Epoch 47
-------------------------------
Validation MAE: 0.010488674975931644

Epoch 48
-------------------------------
Validation MAE: 0.010142557322978973

Epoch 49
-------------------------------
Validation MAE: 0.009137872606515884

Epoch 50
-------------------------------
Validation MAE: 0.008287349715828896

Epoch 51
-------------------------------
Validation MAE: 0.007580605801194906

Epoch 52
-------------------------------
Validation MAE: 0.01089869812130928

Epoch 53
-------------------------------
Validation MAE: 0.008480406366288662

Epoch 54
-------------------------------
Validation MAE: 0.008654354140162468

Epoch 55
-------------------------------
Validation MAE: 0.007128451485186815

Epoch 56
-------------------------------
Validation MAE: 0.01071136724203825

Epoch 57
-------------------------------
Validation MAE: 0.008250284008681774

Epoch 58
-------------------------------
Validation MAE: 0.010871398262679577

Epoch 59
-------------------------------
Validation MAE: 0.009384331293404102

Epoch 60
-------------------------------
Validation MAE: 0.009271519258618355

Epoch 61
-------------------------------
Validation MAE: 0.00945230945944786

Epoch 62
-------------------------------
Validation MAE: 0.00988087896257639

Epoch 63
-------------------------------
Validation MAE: 0.011489416472613811

Epoch 64
-------------------------------
Validation MAE: 0.010033335536718369

Epoch 65
-------------------------------
Validation MAE: 0.009121077135205269

Epoch 66
-------------------------------
Validation MAE: 0.010129852220416069

Epoch 67
-------------------------------
Validation MAE: 0.008207392878830433

Epoch 68
-------------------------------
Validation MAE: 0.009175498969852924

Epoch 69
-------------------------------
Validation MAE: 0.007320347707718611

Epoch 70
-------------------------------
Validation MAE: 0.019009584560990334

Epoch 71
-------------------------------
Validation MAE: 0.007479171268641949

Epoch 72
-------------------------------
Validation MAE: 0.00803004577755928

Epoch 73
-------------------------------
Validation MAE: 0.006900818087160587

Epoch 74
-------------------------------
Validation MAE: 0.00706501305103302

Epoch 75
-------------------------------
Validation MAE: 0.010998661629855633

Epoch 76
-------------------------------
Validation MAE: 0.010950511321425438

Epoch 77
-------------------------------
Validation MAE: 0.008145245723426342

Epoch 78
-------------------------------
Validation MAE: 0.008151006884872913

Epoch 79
-------------------------------
Validation MAE: 0.008865983225405216

Epoch 80
-------------------------------
Validation MAE: 0.012038813903927803

Epoch 81
-------------------------------
Validation MAE: 0.010755198076367378

Epoch 82
-------------------------------
Validation MAE: 0.00981683935970068

Epoch 83
-------------------------------
Validation MAE: 0.009405030868947506

Epoch 84
-------------------------------
Validation MAE: 0.010821990668773651

Epoch 85
-------------------------------
Validation MAE: 0.012894895859062672

Epoch 86
-------------------------------
Validation MAE: 0.012299234978854656

Epoch 87
-------------------------------
Validation MAE: 0.010578359477221966

Epoch 88
-------------------------------
Validation MAE: 0.010859196074306965

Epoch 89
-------------------------------
Validation MAE: 0.01311538740992546

Epoch 90
-------------------------------
Validation MAE: 0.007066486403346062

Epoch 91
-------------------------------
Validation MAE: 0.007905228063464165

Epoch 92
-------------------------------
Validation MAE: 0.007260266691446304

Epoch 93
-------------------------------
Validation MAE: 0.011091876775026321

Epoch 94
-------------------------------
Validation MAE: 0.007945622317492962

Epoch 95
-------------------------------
Validation MAE: 0.008709229528903961

Epoch 96
-------------------------------
Validation MAE: 0.00685275811702013

Epoch 97
-------------------------------
Validation MAE: 0.01008625514805317

Epoch 98
-------------------------------
Validation MAE: 0.008141586557030678

Epoch 99
-------------------------------
Validation MAE: 0.014149862341582775

Epoch 100
-------------------------------
Validation MAE: 0.00831421185284853

Epoch 101
-------------------------------
Validation MAE: 0.007223265245556831

Epoch 102
-------------------------------
Validation MAE: 0.010741859674453735

Epoch 103
-------------------------------
Validation MAE: 0.012716532684862614

Epoch 104
-------------------------------
Validation MAE: 0.008132455870509148

Epoch 105
-------------------------------
Validation MAE: 0.007417034357786179

Epoch 106
-------------------------------
Validation MAE: 0.009833261370658875

Epoch 107
-------------------------------
Validation MAE: 0.007817563600838184

Epoch 108
-------------------------------
Validation MAE: 0.018357621505856514

Epoch 109
-------------------------------
Validation MAE: 0.00683314586058259

Epoch 110
-------------------------------
Validation MAE: 0.007845425046980381

Epoch 111
-------------------------------
Validation MAE: 0.008893300779163837

Epoch 112
-------------------------------
Validation MAE: 0.01614413596689701

Epoch 113
-------------------------------
Validation MAE: 0.006988888140767813

Epoch 114
-------------------------------
Validation MAE: 0.008953140117228031

Epoch 115
-------------------------------
Validation MAE: 0.009220597334206104

Epoch 116
-------------------------------
Validation MAE: 0.0066468180157244205

Epoch 117
-------------------------------
Validation MAE: 0.012683769688010216

Epoch 118
-------------------------------
Validation MAE: 0.006912021432071924

Epoch 119
-------------------------------
Validation MAE: 0.010841094888746738

Epoch 120
-------------------------------
Validation MAE: 0.008703573606908321

Epoch 121
-------------------------------
Validation MAE: 0.007706929463893175

Epoch 122
-------------------------------
Validation MAE: 0.012427114881575108

Epoch 123
-------------------------------
Validation MAE: 0.006925574038177729

Epoch 124
-------------------------------
Validation MAE: 0.006898761261254549

Epoch 125
-------------------------------
Validation MAE: 0.010432702489197254

Epoch 126
-------------------------------
Validation MAE: 0.00997225847095251

Epoch 127
-------------------------------
Validation MAE: 0.007417326793074608

Epoch 128
-------------------------------
Validation MAE: 0.007818358018994331

Epoch 129
-------------------------------
Validation MAE: 0.007543963845819235

Epoch 130
-------------------------------
Validation MAE: 0.007263990584760904

Epoch 131
-------------------------------
Validation MAE: 0.010313009843230247

Epoch 132
-------------------------------
Validation MAE: 0.011596242897212505

Epoch 133
-------------------------------
Validation MAE: 0.008268091827630997

Epoch 134
-------------------------------
Validation MAE: 0.007688727229833603

Epoch 135
-------------------------------
Validation MAE: 0.008790386840701103

Epoch 136
-------------------------------
Validation MAE: 0.008033376187086105

Epoch 137
-------------------------------
Validation MAE: 0.007663904223591089

Epoch 138
-------------------------------
Validation MAE: 0.010540414601564407

Epoch 139
-------------------------------
Validation MAE: 0.006922317203134298

Epoch 140
-------------------------------
Validation MAE: 0.008166564628481865

Epoch 141
-------------------------------
Validation MAE: 0.011350680142641068

Epoch 142
-------------------------------
Validation MAE: 0.011929281055927277

Epoch 143
-------------------------------
Validation MAE: 0.01048683375120163

Epoch 144
-------------------------------
Validation MAE: 0.010729711502790451

Epoch 145
-------------------------------
Validation MAE: 0.009812687523663044

Epoch 146
-------------------------------
Validation MAE: 0.010307841934263706

Epoch 147
-------------------------------
Validation MAE: 0.010019107721745968

Epoch 148
-------------------------------
Validation MAE: 0.009563270024955273

Epoch 149
-------------------------------
Validation MAE: 0.008280723355710506

Epoch 150
-------------------------------
Validation MAE: 0.009871339425444603

Epoch 151
-------------------------------
Validation MAE: 0.007606103550642729

Epoch 152
-------------------------------
Validation MAE: 0.0069750151596963406

Epoch 153
-------------------------------
Validation MAE: 0.0072677964344620705

Epoch 154
-------------------------------
Validation MAE: 0.012397169135510921

Epoch 155
-------------------------------
Validation MAE: 0.007514080964028835

Epoch 156
-------------------------------
Validation MAE: 0.007824721746146679

Epoch 157
-------------------------------
Validation MAE: 0.007662882562726736

Epoch 158
-------------------------------
Validation MAE: 0.006912241689860821

Epoch 159
-------------------------------
Validation MAE: 0.007178059313446283

Epoch 160
-------------------------------
Validation MAE: 0.007631003390997648

Epoch 161
-------------------------------
Validation MAE: 0.008591169491410255

Epoch 162
-------------------------------
Validation MAE: 0.006962315645068884

Epoch 163
-------------------------------
Validation MAE: 0.007775870151817799

Epoch 164
-------------------------------
Validation MAE: 0.007411761675029993

Epoch 165
-------------------------------
Validation MAE: 0.013544656336307526

Epoch 166
-------------------------------
Validation MAE: 0.007421442773193121

Epoch 167
-------------------------------
Validation MAE: 0.007828231900930405

Epoch 168
-------------------------------
Validation MAE: 0.008205263875424862

Epoch 169
-------------------------------
Validation MAE: 0.0073354789055883884

Epoch 170
-------------------------------
Validation MAE: 0.009844020009040833

Epoch 171
-------------------------------
Validation MAE: 0.007106732577085495

Epoch 172
-------------------------------
Validation MAE: 0.006882179994136095

Epoch 173
-------------------------------
Validation MAE: 0.01423761248588562

Epoch 174
-------------------------------
Validation MAE: 0.009069729596376419

Epoch 175
-------------------------------
Validation MAE: 0.010111418552696705

Epoch 176
-------------------------------
Validation MAE: 0.01131204143166542

Epoch 177
-------------------------------
Validation MAE: 0.008052774704992771

Epoch 178
-------------------------------
Validation MAE: 0.012517040595412254

Epoch 179
-------------------------------
Validation MAE: 0.014696349389851093

Epoch 180
-------------------------------
Validation MAE: 0.010198301635682583

Epoch 181
-------------------------------
Validation MAE: 0.010132896713912487

Epoch 182
-------------------------------
Validation MAE: 0.009329191409051418

Epoch 183
-------------------------------
Validation MAE: 0.009662160649895668

Epoch 184
-------------------------------
Validation MAE: 0.009285444393754005

Epoch 185
-------------------------------
Validation MAE: 0.009371571242809296

Epoch 186
-------------------------------
Validation MAE: 0.009436216205358505

Epoch 187
-------------------------------
Validation MAE: 0.011414380744099617

Epoch 188
-------------------------------
Validation MAE: 0.008822551928460598

Epoch 189
-------------------------------
Validation MAE: 0.011894737370312214

Epoch 190
-------------------------------
Validation MAE: 0.010897273197770119

Epoch 191
-------------------------------
Validation MAE: 0.00965871661901474

Epoch 192
-------------------------------
Validation MAE: 0.011300177313387394

Epoch 193
-------------------------------
Validation MAE: 0.012493101879954338

Epoch 194
-------------------------------
Validation MAE: 0.015204686671495438

Epoch 195
-------------------------------
Validation MAE: 0.007521351799368858

Epoch 196
-------------------------------
Validation MAE: 0.007529094349592924

Epoch 197
-------------------------------
Validation MAE: 0.010730007663369179

Epoch 198
-------------------------------
Validation MAE: 0.01088368333876133

Epoch 199
-------------------------------
Validation MAE: 0.007707637269049883

Epoch 200
-------------------------------
Validation MAE: 0.01281528826802969

Epoch 201
-------------------------------
Validation MAE: 0.024493036791682243

Epoch 202
-------------------------------
Validation MAE: 0.009503984823822975

Epoch 203
-------------------------------
Validation MAE: 0.010217457078397274

Epoch 204
-------------------------------
Validation MAE: 0.011590893380343914

Epoch 205
-------------------------------
Validation MAE: 0.010903893038630486

Epoch 206
-------------------------------
Validation MAE: 0.00982422474771738

Epoch 207
-------------------------------
Validation MAE: 0.009723460301756859

Epoch 208
-------------------------------
Validation MAE: 0.009651349857449532

Epoch 209
-------------------------------
Validation MAE: 0.008760920725762844

Epoch 210
-------------------------------
Validation MAE: 0.009109742008149624

Epoch 211
-------------------------------
Validation MAE: 0.008743577636778355

Epoch 212
-------------------------------
Validation MAE: 0.008415699936449528

Epoch 213
-------------------------------
Validation MAE: 0.00863484013825655

Epoch 214
-------------------------------
Validation MAE: 0.009947315789759159

Epoch 215
-------------------------------
Validation MAE: 0.008588937111198902

Epoch 216
-------------------------------
Validation MAE: 0.009952005930244923

Epoch 217
-------------------------------
Validation MAE: 0.0098164863884449

Epoch 218
-------------------------------
Validation MAE: 0.009059625677764416

Epoch 219
-------------------------------
Validation MAE: 0.01735609583556652

Epoch 220
-------------------------------
Validation MAE: 0.008261901326477528

Epoch 221
-------------------------------
Validation MAE: 0.00816235039383173

Epoch 222
-------------------------------
Validation MAE: 0.01832727901637554

Epoch 223
-------------------------------
Validation MAE: 0.01164391078054905

Epoch 224
-------------------------------
Validation MAE: 0.010025612078607082

Epoch 225
-------------------------------
Validation MAE: 0.010778391733765602

Epoch 226
-------------------------------
Validation MAE: 0.009883906692266464

Epoch 227
-------------------------------
Validation MAE: 0.01015112642198801

Epoch 228
-------------------------------
Validation MAE: 0.010326064191758633

Epoch 229
-------------------------------
Validation MAE: 0.00957853440195322

Epoch 230
-------------------------------
Validation MAE: 0.010024174116551876

Epoch 231
-------------------------------
Validation MAE: 0.008996324613690376

Epoch 232
-------------------------------
Validation MAE: 0.008775537833571434

Epoch 233
-------------------------------
Validation MAE: 0.009576240554451942

Epoch 234
-------------------------------
Validation MAE: 0.009240355342626572

Epoch 235
-------------------------------
Validation MAE: 0.007188780233263969

Epoch 236
-------------------------------
Validation MAE: 0.011501999571919441

Epoch 237
-------------------------------
Validation MAE: 0.01294751837849617

Epoch 238
-------------------------------
Validation MAE: 0.012542162090539932

Epoch 239
-------------------------------
Validation MAE: 0.010234396904706955

Epoch 240
-------------------------------
Validation MAE: 0.00910645816475153

Epoch 241
-------------------------------
Validation MAE: 0.013915314339101315

Epoch 242
-------------------------------
Validation MAE: 0.011398378759622574

Epoch 243
-------------------------------
Validation MAE: 0.010857434011995792

Epoch 244
-------------------------------
Validation MAE: 0.01156964898109436

Epoch 245
-------------------------------
Validation MAE: 0.01009497232735157

Epoch 246
-------------------------------
Validation MAE: 0.010435709729790688

Epoch 247
-------------------------------
Validation MAE: 0.009650005027651787

Epoch 248
-------------------------------
Validation MAE: 0.009388027712702751

Epoch 249
-------------------------------
Validation MAE: 0.008070386946201324

Epoch 250
-------------------------------
Validation MAE: 0.007779086474329233

Epoch 251
-------------------------------
Validation MAE: 0.00798721518367529

Epoch 252
-------------------------------
Validation MAE: 0.008388449437916279

Epoch 253
-------------------------------
Validation MAE: 0.010594372637569904

Epoch 254
-------------------------------
Validation MAE: 0.010924526490271091

Epoch 255
-------------------------------
Validation MAE: 0.012678217142820358

Epoch 256
-------------------------------
Validation MAE: 0.011260977014899254

Epoch 257
-------------------------------
Validation MAE: 0.022087911143898964

Epoch 258
-------------------------------
Validation MAE: 0.011300208047032356

Epoch 259
-------------------------------
Validation MAE: 0.010987632907927036

Epoch 260
-------------------------------
Validation MAE: 0.013186824508011341

Epoch 261
-------------------------------
Validation MAE: 0.01332248467952013

Epoch 262
-------------------------------
Validation MAE: 0.00912665668874979

Epoch 263
-------------------------------
Validation MAE: 0.012521582655608654

Epoch 264
-------------------------------
Validation MAE: 0.008212411776185036

Epoch 265
-------------------------------
Validation MAE: 0.007689330726861954

Epoch 266
-------------------------------
Validation MAE: 0.008702504448592663

Epoch 267
-------------------------------
Validation MAE: 0.011970173567533493

Epoch 268
-------------------------------
Validation MAE: 0.012496637180447578

Epoch 269
-------------------------------
Validation MAE: 0.007169607561081648

Epoch 270
-------------------------------
Validation MAE: 0.008927559480071068

Epoch 271
-------------------------------
Validation MAE: 0.008609147742390633

Epoch 272
-------------------------------
Validation MAE: 0.012743411585688591

Epoch 273
-------------------------------
Validation MAE: 0.010965527966618538

Epoch 274
-------------------------------
Validation MAE: 0.010132263414561749

Epoch 275
-------------------------------
Validation MAE: 0.013366378843784332

Epoch 276
-------------------------------
Validation MAE: 0.013490822166204453

Epoch 277
-------------------------------
Validation MAE: 0.012500968761742115

Epoch 278
-------------------------------
Validation MAE: 0.00988796353340149

Epoch 279
-------------------------------
Validation MAE: 0.012828350067138672

Epoch 280
-------------------------------
Validation MAE: 0.010427150875329971

Epoch 281
-------------------------------
Validation MAE: 0.0097865154966712

Epoch 282
-------------------------------
Validation MAE: 0.00934602227061987

Epoch 283
-------------------------------
Validation MAE: 0.009699550457298756

Epoch 284
-------------------------------
Validation MAE: 0.009512766264379025

Epoch 285
-------------------------------
Validation MAE: 0.010906966403126717

Epoch 286
-------------------------------
Validation MAE: 0.011088266968727112

Epoch 287
-------------------------------
Validation MAE: 0.009439226239919662

Epoch 288
-------------------------------
Validation MAE: 0.008675704710185528

Epoch 289
-------------------------------
Validation MAE: 0.013613579794764519

Epoch 290
-------------------------------
Validation MAE: 0.01694672368466854

Epoch 291
-------------------------------
Validation MAE: 0.01380524504929781

Epoch 292
-------------------------------
Validation MAE: 0.010974349454045296

Epoch 293
-------------------------------
Validation MAE: 0.012950485572218895

Epoch 294
-------------------------------
Validation MAE: 0.012090614065527916

Epoch 295
-------------------------------
Validation MAE: 0.011465979740023613

Epoch 296
-------------------------------
Validation MAE: 0.01170177012681961

Epoch 297
-------------------------------
Validation MAE: 0.010112558491528034

Epoch 298
-------------------------------
Validation MAE: 0.011095753870904446

Epoch 299
-------------------------------
Validation MAE: 0.01224448997527361

Epoch 300
-------------------------------
Validation MAE: 0.01668613590300083

Epoch 301
-------------------------------
Validation MAE: 0.007505900226533413

Epoch 302
-------------------------------
Validation MAE: 0.011585310101509094

Epoch 303
-------------------------------
Validation MAE: 0.012534904293715954

Epoch 304
-------------------------------
Validation MAE: 0.015311608090996742

Epoch 305
-------------------------------
Validation MAE: 0.009395054541528225

Epoch 306
-------------------------------
Validation MAE: 0.0075337812304496765

Epoch 307
-------------------------------
Validation MAE: 0.011763626709580421

Epoch 308
-------------------------------
Validation MAE: 0.009180089458823204

Epoch 309
-------------------------------
Validation MAE: 0.010966016910970211

Epoch 310
-------------------------------
Validation MAE: 0.010319212451577187

Epoch 311
-------------------------------
Validation MAE: 0.01607159897685051

Epoch 312
-------------------------------
Validation MAE: 0.013062856160104275

Epoch 313
-------------------------------
Validation MAE: 0.00991313997656107

Epoch 314
-------------------------------
Validation MAE: 0.010179426521062851

Epoch 315
-------------------------------
Validation MAE: 0.010060272179543972

Epoch 316
-------------------------------
Validation MAE: 0.010101482272148132

Epoch 317
-------------------------------
Validation MAE: 0.009834052063524723

Epoch 318
-------------------------------
Validation MAE: 0.010896884836256504

Epoch 319
-------------------------------
Validation MAE: 0.011915072798728943

Epoch 320
-------------------------------
Validation MAE: 0.011496614664793015

Epoch 321
-------------------------------
Validation MAE: 0.011900531128048897

Epoch 322
-------------------------------
Validation MAE: 0.011162807233631611

Epoch 323
-------------------------------
Validation MAE: 0.020348314195871353

Epoch 324
-------------------------------
Validation MAE: 0.018313273787498474

Epoch 325
-------------------------------
Validation MAE: 0.010812098160386086

Epoch 326
-------------------------------
Validation MAE: 0.010827106423676014

Epoch 327
-------------------------------
Validation MAE: 0.013204539194703102

Epoch 328
-------------------------------
Validation MAE: 0.013134326785802841

Epoch 329
-------------------------------
Validation MAE: 0.017611969262361526

Epoch 330
-------------------------------
Validation MAE: 0.011260498315095901

Epoch 331
-------------------------------
Validation MAE: 0.009770456701517105

Epoch 332
-------------------------------
Validation MAE: 0.012799026444554329

Epoch 333
-------------------------------
Validation MAE: 0.012253858149051666

Epoch 334
-------------------------------
Validation MAE: 0.009803357534110546

Epoch 335
-------------------------------
Validation MAE: 0.007900768890976906

Epoch 336
-------------------------------
Validation MAE: 0.010531853884458542

Epoch 337
-------------------------------
Validation MAE: 0.01732534170150757

Epoch 338
-------------------------------
Validation MAE: 0.010744617320597172

Epoch 339
-------------------------------
Validation MAE: 0.012601587921380997

Epoch 340
-------------------------------
Validation MAE: 0.012862322852015495

Epoch 341
-------------------------------
Validation MAE: 0.008558440022170544

Epoch 342
-------------------------------
Validation MAE: 0.016464347019791603

Epoch 343
-------------------------------
Validation MAE: 0.014615446329116821

Epoch 344
-------------------------------
Validation MAE: 0.010875433683395386

Epoch 345
-------------------------------
Validation MAE: 0.012532440945506096

Epoch 346
-------------------------------
Validation MAE: 0.010462360456585884

Epoch 347
-------------------------------
Validation MAE: 0.009902981109917164

Epoch 348
-------------------------------
Validation MAE: 0.01055236253887415

Epoch 349
-------------------------------
Validation MAE: 0.010328824631869793

Epoch 350
-------------------------------
Validation MAE: 0.011877396143972874

Epoch 351
-------------------------------
Validation MAE: 0.009757929481565952

Epoch 352
-------------------------------
Validation MAE: 0.008176881819963455

Epoch 353
-------------------------------
Validation MAE: 0.008305883966386318

Epoch 354
-------------------------------
Validation MAE: 0.02681026980280876

Epoch 355
-------------------------------
Validation MAE: 0.0114206587895751

Epoch 356
-------------------------------
Validation MAE: 0.013654169626533985

Epoch 357
-------------------------------
Validation MAE: 0.012267569079995155

Epoch 358
-------------------------------
Validation MAE: 0.008286920376121998

Epoch 359
-------------------------------
Validation MAE: 0.010882317088544369

Epoch 360
-------------------------------
Validation MAE: 0.012718424201011658

Epoch 361
-------------------------------
Validation MAE: 0.013143760152161121

Epoch 362
-------------------------------
Validation MAE: 0.010272456333041191

Epoch 363
-------------------------------
Validation MAE: 0.0124286487698555

Epoch 364
-------------------------------
Validation MAE: 0.016818562522530556

Epoch 365
-------------------------------
Validation MAE: 0.014255650341510773

Epoch 366
-------------------------------
Validation MAE: 0.01121514942497015

Epoch 367
-------------------------------
Validation MAE: 0.01586741767823696

Epoch 368
-------------------------------
Validation MAE: 0.01568535342812538

Epoch 369
-------------------------------
Validation MAE: 0.01162957213819027

Epoch 370
-------------------------------
Validation MAE: 0.008270541206002235

Epoch 371
-------------------------------
Validation MAE: 0.009533186443150043

Epoch 372
-------------------------------
Validation MAE: 0.010816730558872223

Epoch 373
-------------------------------
Validation MAE: 0.010283094830811024

Epoch 374
-------------------------------
Validation MAE: 0.009891016408801079

Epoch 375
-------------------------------
Validation MAE: 0.009872613474726677

Epoch 376
-------------------------------
Validation MAE: 0.009997181594371796

Epoch 377
-------------------------------
Validation MAE: 0.011046375147998333

Epoch 378
-------------------------------
Validation MAE: 0.011576087214052677

Epoch 379
-------------------------------
Validation MAE: 0.010364632122218609

Epoch 380
-------------------------------
Validation MAE: 0.007812718860805035

Epoch 381
-------------------------------
Validation MAE: 0.013115998357534409

Epoch 382
-------------------------------
Validation MAE: 0.011019688099622726

Epoch 383
-------------------------------
Validation MAE: 0.012881665490567684

Epoch 384
-------------------------------
Validation MAE: 0.013198422268033028

Epoch 385
-------------------------------
Validation MAE: 0.011911490000784397

Epoch 386
-------------------------------
Validation MAE: 0.011783775873482227

Epoch 387
-------------------------------
Validation MAE: 0.00950985960662365

Epoch 388
-------------------------------
Validation MAE: 0.014788739383220673

Epoch 389
-------------------------------
Validation MAE: 0.009494191966950893

Epoch 390
-------------------------------
Validation MAE: 0.008284767158329487

Epoch 391
-------------------------------
Validation MAE: 0.013219112530350685

Epoch 392
-------------------------------
Validation MAE: 0.010474445298314095

Epoch 393
-------------------------------
Validation MAE: 0.01286769937723875

Epoch 394
-------------------------------
Validation MAE: 0.013279258273541927

Epoch 395
-------------------------------
Validation MAE: 0.009268449619412422

Epoch 396
-------------------------------
Validation MAE: 0.009296843782067299

Epoch 397
-------------------------------
Validation MAE: 0.008248952217400074

Epoch 398
-------------------------------
Validation MAE: 0.010092315264046192

Epoch 399
-------------------------------
Validation MAE: 0.00807027705013752

Epoch 400
-------------------------------
Validation MAE: 0.007463681511580944

Epoch 401
-------------------------------
Validation MAE: 0.01341449748724699

Epoch 402
-------------------------------
Validation MAE: 0.009209973737597466

Epoch 403
-------------------------------
Validation MAE: 0.011403410695493221

Epoch 404
-------------------------------
Validation MAE: 0.012568001635372639

Epoch 405
-------------------------------
Validation MAE: 0.013435592874884605

Epoch 406
-------------------------------
Validation MAE: 0.010784303769469261

Epoch 407
-------------------------------
Validation MAE: 0.012528795748949051

Epoch 408
-------------------------------
Validation MAE: 0.012874179519712925

Epoch 409
-------------------------------
Validation MAE: 0.011626145802438259

Epoch 410
-------------------------------
Validation MAE: 0.010688425041735172

Epoch 411
-------------------------------
Validation MAE: 0.010441511869430542

Epoch 412
-------------------------------
Validation MAE: 0.015485805459320545

Epoch 413
-------------------------------
Validation MAE: 0.01598186232149601

Epoch 414
-------------------------------
Validation MAE: 0.011861049570143223

Epoch 415
-------------------------------
Validation MAE: 0.01717398315668106

Epoch 416
-------------------------------
Validation MAE: 0.008950324729084969

Epoch 417
-------------------------------
Validation MAE: 0.010327820666134357

Epoch 418
-------------------------------
Validation MAE: 0.007696585729718208

Epoch 419
-------------------------------
Validation MAE: 0.014964668080210686

Epoch 420
-------------------------------
Validation MAE: 0.00868306029587984

Epoch 421
-------------------------------
Validation MAE: 0.008207552134990692

Epoch 422
-------------------------------
Validation MAE: 0.007339923642575741

Epoch 423
-------------------------------
Validation MAE: 0.02019479125738144

Epoch 424
-------------------------------
Validation MAE: 0.007450872100889683

Epoch 425
-------------------------------
Validation MAE: 0.007230712566524744

Epoch 426
-------------------------------
Validation MAE: 0.011185793206095695

Epoch 427
-------------------------------
Validation MAE: 0.0077464887872338295

Epoch 428
-------------------------------
Validation MAE: 0.011490637436509132

Epoch 429
-------------------------------
Validation MAE: 0.009429367259144783

Epoch 430
-------------------------------
Validation MAE: 0.008042671717703342

Epoch 431
-------------------------------
Validation MAE: 0.018749890848994255

Epoch 432
-------------------------------
Validation MAE: 0.010403182357549667

Epoch 433
-------------------------------
Validation MAE: 0.007344127632677555

Epoch 434
-------------------------------
Validation MAE: 0.014298425056040287

Epoch 435
-------------------------------
Validation MAE: 0.010802133940160275

Epoch 436
-------------------------------
Validation MAE: 0.012282311916351318

Epoch 437
-------------------------------
Validation MAE: 0.009790204465389252

Epoch 438
-------------------------------
Validation MAE: 0.010469784960150719

Epoch 439
-------------------------------
Validation MAE: 0.014530479907989502

Epoch 440
-------------------------------
Validation MAE: 0.010664463974535465

Epoch 441
-------------------------------
Validation MAE: 0.009839164093136787

Epoch 442
-------------------------------
Validation MAE: 0.014190035872161388

Epoch 443
-------------------------------
Validation MAE: 0.01840047538280487

Epoch 444
-------------------------------
Validation MAE: 0.01164357177913189

Epoch 445
-------------------------------
Validation MAE: 0.01179616991430521

Epoch 446
-------------------------------
Validation MAE: 0.009664817713201046

Epoch 447
-------------------------------
Validation MAE: 0.011368514969944954

Epoch 448
-------------------------------
Validation MAE: 0.01039467379450798

Epoch 449
-------------------------------
Validation MAE: 0.008624956011772156

Epoch 450
-------------------------------
Validation MAE: 0.01443672925233841

Epoch 451
-------------------------------
Validation MAE: 0.01689348742365837

Epoch 452
-------------------------------
Validation MAE: 0.01238025352358818

Epoch 453
-------------------------------
Validation MAE: 0.010253911837935448

Epoch 454
-------------------------------
Validation MAE: 0.0129505330696702

Epoch 455
-------------------------------
Validation MAE: 0.008652446791529655

Epoch 456
-------------------------------
Validation MAE: 0.01070465613156557

Epoch 457
-------------------------------
Validation MAE: 0.009435439482331276

Epoch 458
-------------------------------
Validation MAE: 0.008013474754989147

Epoch 459
-------------------------------
Validation MAE: 0.011503287591040134

Epoch 460
-------------------------------
Validation MAE: 0.010399610735476017

Epoch 461
-------------------------------
Validation MAE: 0.009463496506214142

Epoch 462
-------------------------------
Validation MAE: 0.009142660535871983

Epoch 463
-------------------------------
Validation MAE: 0.01168904174119234

Epoch 464
-------------------------------
Validation MAE: 0.00873634498566389

Epoch 465
-------------------------------
Validation MAE: 0.012128425762057304

Epoch 466
-------------------------------
Validation MAE: 0.007807515561580658

Epoch 467
-------------------------------
Validation MAE: 0.012490790337324142

Epoch 468
-------------------------------
Validation MAE: 0.011502095498144627

Epoch 469
-------------------------------
Validation MAE: 0.012361744418740273

Epoch 470
-------------------------------
Validation MAE: 0.012126359157264233

Epoch 471
-------------------------------
Validation MAE: 0.008150423876941204

Epoch 472
-------------------------------
Validation MAE: 0.00866328552365303

Epoch 473
-------------------------------
Validation MAE: 0.007942494004964828

Epoch 474
-------------------------------
Validation MAE: 0.007597353309392929

Epoch 475
-------------------------------
Validation MAE: 0.0076936883851885796

Epoch 476
-------------------------------
Validation MAE: 0.008407355286180973

Epoch 477
-------------------------------
Validation MAE: 0.00969589315354824

Epoch 478
-------------------------------
Validation MAE: 0.010237938724458218

Epoch 479
-------------------------------
Validation MAE: 0.010929870419204235

Epoch 480
-------------------------------
Validation MAE: 0.01123703084886074

Epoch 481
-------------------------------
Validation MAE: 0.010455917567014694

Epoch 482
-------------------------------
Validation MAE: 0.012300697155296803

Epoch 483
-------------------------------
Validation MAE: 0.010469705797731876

Epoch 484
-------------------------------
Validation MAE: 0.00956054963171482

Epoch 485
-------------------------------
Validation MAE: 0.010572808794677258

Epoch 486
-------------------------------
Validation MAE: 0.008884783834218979

Epoch 487
-------------------------------
Validation MAE: 0.013907394371926785

Epoch 488
-------------------------------
Validation MAE: 0.012659036554396152

Epoch 489
-------------------------------
Validation MAE: 0.011508287861943245

Epoch 490
-------------------------------
Validation MAE: 0.012642478570342064

Epoch 491
-------------------------------
Validation MAE: 0.01079577673226595

Epoch 492
-------------------------------
Validation MAE: 0.00740565313026309

Epoch 493
-------------------------------
Validation MAE: 0.006999100558459759

Epoch 494
-------------------------------
Validation MAE: 0.009932206943631172

Epoch 495
-------------------------------
Validation MAE: 0.008379245176911354

Epoch 496
-------------------------------
Validation MAE: 0.011665108613669872

Epoch 497
-------------------------------
Validation MAE: 0.012176926247775555

Epoch 498
-------------------------------
Validation MAE: 0.012822809629142284

Epoch 499
-------------------------------
Validation MAE: 0.012164938263595104

Epoch 500
-------------------------------
Validation MAE: 0.00905602052807808

Epoch 501
-------------------------------
Validation MAE: 0.012968636117875576

Epoch 502
-------------------------------
Validation MAE: 0.0116609251126647

Epoch 503
-------------------------------
Validation MAE: 0.010555824264883995

Epoch 504
-------------------------------
Validation MAE: 0.008715343661606312

Epoch 505
-------------------------------
Validation MAE: 0.008442513644695282

Epoch 506
-------------------------------
Validation MAE: 0.008536322042346

Epoch 507
-------------------------------
Validation MAE: 0.008754227310419083

Epoch 508
-------------------------------
Validation MAE: 0.009031607769429684

Epoch 509
-------------------------------
Validation MAE: 0.009328121319413185

Epoch 510
-------------------------------
Validation MAE: 0.009552315808832645

Epoch 511
-------------------------------
Validation MAE: 0.009744150564074516

Epoch 512
-------------------------------
Validation MAE: 0.009885642677545547

Epoch 513
-------------------------------
Validation MAE: 0.00954297836869955

Epoch 514
-------------------------------
Validation MAE: 0.009918028488755226

Epoch 515
-------------------------------
Validation MAE: 0.01014744583517313

Epoch 516
-------------------------------
Validation MAE: 0.010164894163608551

Epoch 517
-------------------------------
Validation MAE: 0.009595483541488647

Epoch 518
-------------------------------
Validation MAE: 0.009839027188718319

Epoch 519
-------------------------------
Validation MAE: 0.009956150315701962

Epoch 520
-------------------------------
Validation MAE: 0.009826837107539177

Epoch 521
-------------------------------
Validation MAE: 0.009850909002125263

Epoch 522
-------------------------------
Validation MAE: 0.00994913000613451

Epoch 523
-------------------------------
Validation MAE: 0.009944213554263115

Epoch 524
-------------------------------
Validation MAE: 0.01010188926011324

Epoch 525
-------------------------------
Validation MAE: 0.009945441968739033

Epoch 526
-------------------------------
Validation MAE: 0.010049291886389256

Epoch 527
-------------------------------
Validation MAE: 0.009956872090697289

Epoch 528
-------------------------------
Validation MAE: 0.01027621515095234

Epoch 529
-------------------------------
Validation MAE: 0.010188035666942596

Epoch 530
-------------------------------
Validation MAE: 0.01029638946056366

Epoch 531
-------------------------------
Validation MAE: 0.010037657804787159

Epoch 532
-------------------------------
Validation MAE: 0.010237627662718296

Epoch 533
-------------------------------
Validation MAE: 0.010357053019106388

Epoch 534
-------------------------------
Validation MAE: 0.010448668152093887

Epoch 535
-------------------------------
Validation MAE: 0.010169083252549171

Epoch 536
-------------------------------
Validation MAE: 0.010271642357110977

Epoch 537
-------------------------------
Validation MAE: 0.010403231717646122

Epoch 538
-------------------------------
Validation MAE: 0.010523536242544651

Epoch 539
-------------------------------
Validation MAE: 0.010238776914775372

Epoch 540
-------------------------------
Validation MAE: 0.010441129095852375

Epoch 541
-------------------------------
Validation MAE: 0.010526039637625217

Epoch 542
-------------------------------
Validation MAE: 0.010802597738802433

Epoch 543
-------------------------------
Validation MAE: 0.010444609448313713

Epoch 544
-------------------------------
Validation MAE: 0.010550867766141891

Epoch 545
-------------------------------
Validation MAE: 0.01078225951641798

Epoch 546
-------------------------------
Validation MAE: 0.010637770406901836

Epoch 547
-------------------------------
Validation MAE: 0.01065962202847004

Epoch 548
-------------------------------
Validation MAE: 0.010528828017413616

Epoch 549
-------------------------------
Validation MAE: 0.010734365321695805

Epoch 550
-------------------------------
Validation MAE: 0.010699319653213024

Epoch 551
-------------------------------
Validation MAE: 0.010793608613312244

Epoch 552
-------------------------------
Validation MAE: 0.010600957088172436

Epoch 553
-------------------------------
Validation MAE: 0.010742072016000748

Epoch 554
-------------------------------
Validation MAE: 0.01109643466770649

Epoch 555
-------------------------------
Validation MAE: 0.010847898200154305

Epoch 556
-------------------------------
Validation MAE: 0.010723250918090343

Epoch 557
-------------------------------
Validation MAE: 0.010806852020323277

Epoch 558
-------------------------------
Validation MAE: 0.011061647906899452

Epoch 559
-------------------------------
Validation MAE: 0.01116623543202877

Epoch 560
-------------------------------
Validation MAE: 0.010727939195930958

Epoch 561
-------------------------------
Validation MAE: 0.010727515444159508

Epoch 562
-------------------------------
Validation MAE: 0.010828887112438679

Epoch 563
-------------------------------
Validation MAE: 0.010973806492984295

Epoch 564
-------------------------------
Validation MAE: 0.010314015671610832

Epoch 565
-------------------------------
Validation MAE: 0.010023568756878376

Epoch 566
-------------------------------
Validation MAE: 0.00995661225169897

Epoch 567
-------------------------------
Validation MAE: 0.009930349886417389

Epoch 568
-------------------------------
Validation MAE: 0.00906315352767706

Epoch 569
-------------------------------
Validation MAE: 0.008677655830979347

Epoch 570
-------------------------------
Validation MAE: 0.008793259970843792

Epoch 571
-------------------------------
Validation MAE: 0.00882310327142477

Epoch 572
-------------------------------
Validation MAE: 0.008349861949682236

Epoch 573
-------------------------------
Validation MAE: 0.00836606789380312

Epoch 574
-------------------------------
Validation MAE: 0.008825073949992657

Epoch 575
-------------------------------
Validation MAE: 0.009206585586071014

Epoch 576
-------------------------------
Validation MAE: 0.009272079914808273

Epoch 577
-------------------------------
Validation MAE: 0.010290953330695629

Epoch 578
-------------------------------
Validation MAE: 0.011760618537664413

Epoch 579
-------------------------------
Validation MAE: 0.01242796890437603

Epoch 580
-------------------------------
Validation MAE: 0.007719182875007391

Epoch 581
-------------------------------
Validation MAE: 0.007416249718517065

Epoch 582
-------------------------------
Validation MAE: 0.0073692635633051395

Epoch 583
-------------------------------
Validation MAE: 0.007356288377195597

Epoch 584
-------------------------------
Validation MAE: 0.007289471570402384

Epoch 585
-------------------------------
Validation MAE: 0.007103084586560726

Epoch 586
-------------------------------
Validation MAE: 0.00708422064781189

Epoch 587
-------------------------------
Validation MAE: 0.00716179795563221

Epoch 588
-------------------------------
Validation MAE: 0.007087312173098326

Epoch 589
-------------------------------
Validation MAE: 0.006963797844946384

Epoch 590
-------------------------------
Validation MAE: 0.006960610393434763

Epoch 591
-------------------------------
Validation MAE: 0.007009080611169338

Epoch 592
-------------------------------
Validation MAE: 0.006933506112545729

Epoch 593
-------------------------------
Validation MAE: 0.006918670609593391

Epoch 594
-------------------------------
Validation MAE: 0.006938975770026445

Epoch 595
-------------------------------
Validation MAE: 0.006980642676353455

Epoch 596
-------------------------------
Validation MAE: 0.006924753077328205

Epoch 597
-------------------------------
Validation MAE: 0.0070481193251907825

Epoch 598
-------------------------------
Validation MAE: 0.007805291097611189

Epoch 599
-------------------------------
Validation MAE: 0.008749852888286114

Epoch 600
-------------------------------
Validation MAE: 0.00728140352293849

Epoch 601
-------------------------------
Validation MAE: 0.006862033158540726

Epoch 602
-------------------------------
Validation MAE: 0.006715224124491215

Epoch 603
-------------------------------
Validation MAE: 0.006761376745998859

Epoch 604
-------------------------------
Validation MAE: 0.006527951918542385

Epoch 605
-------------------------------
Validation MAE: 0.0066002667881548405

Epoch 606
-------------------------------
Validation MAE: 0.006479748524725437

Epoch 607
-------------------------------
Validation MAE: 0.0064367917366325855

Epoch 608
-------------------------------
Validation MAE: 0.006824711803346872

Epoch 609
-------------------------------
Validation MAE: 0.006494281813502312

Epoch 610
-------------------------------
Validation MAE: 0.007668048609048128

Epoch 611
-------------------------------
Validation MAE: 0.006657919846475124

Epoch 612
-------------------------------
Validation MAE: 0.007104836869984865

Epoch 613
-------------------------------
Validation MAE: 0.007444816175848246

Epoch 614
-------------------------------
Validation MAE: 0.007851188071072102

Epoch 615
-------------------------------
Validation MAE: 0.0073302811942994595

Epoch 616
-------------------------------
Validation MAE: 0.0069006867706775665

Epoch 617
-------------------------------
Validation MAE: 0.006939530372619629

Epoch 618
-------------------------------
Validation MAE: 0.006702746730297804

Epoch 619
-------------------------------
Validation MAE: 0.008169226348400116

Epoch 620
-------------------------------
Validation MAE: 0.011956275440752506

Epoch 621
-------------------------------
Validation MAE: 0.012361261993646622

Epoch 622
-------------------------------
Validation MAE: 0.011858566664159298

Epoch 623
-------------------------------
Validation MAE: 0.011633560992777348

Epoch 624
-------------------------------
Validation MAE: 0.010866042226552963

Epoch 625
-------------------------------
Validation MAE: 0.00970034021884203

Epoch 626
-------------------------------
Validation MAE: 0.00853222981095314

Epoch 627
-------------------------------
Validation MAE: 0.007714030798524618

Epoch 628
-------------------------------
Validation MAE: 0.007829784415662289

Epoch 629
-------------------------------
Validation MAE: 0.0072133843787014484

Epoch 630
-------------------------------
Validation MAE: 0.007202426437288523

Epoch 631
-------------------------------
Validation MAE: 0.007039566058665514

Epoch 632
-------------------------------
Validation MAE: 0.007039594929665327

Epoch 633
-------------------------------
Validation MAE: 0.0067698354832828045

Epoch 634
-------------------------------
Validation MAE: 0.00673279445618391

Epoch 635
-------------------------------
Validation MAE: 0.006954224314540625

Epoch 636
-------------------------------
Validation MAE: 0.006763075478374958

Epoch 637
-------------------------------
Validation MAE: 0.0068070972338318825

Epoch 638
-------------------------------
Validation MAE: 0.006585627794265747

Epoch 639
-------------------------------
Validation MAE: 0.0067497906275093555

Epoch 640
-------------------------------
Validation MAE: 0.006728179752826691

Epoch 641
-------------------------------
Validation MAE: 0.0072190663777291775

Epoch 642
-------------------------------
Validation MAE: 0.007210670970380306

Epoch 643
-------------------------------
Validation MAE: 0.011024091392755508

Epoch 644
-------------------------------
Validation MAE: 0.011621657758951187

Epoch 645
-------------------------------
Validation MAE: 0.007945636287331581

Epoch 646
-------------------------------
Validation MAE: 0.0076496233232319355

Epoch 647
-------------------------------
Validation MAE: 0.007907703518867493

Epoch 648
-------------------------------
Validation MAE: 0.007959477603435516

Epoch 649
-------------------------------
Validation MAE: 0.00884372740983963

Epoch 650
-------------------------------
Validation MAE: 0.009248930960893631

Epoch 651
-------------------------------
Validation MAE: 0.009858308359980583

Epoch 652
-------------------------------
Validation MAE: 0.008601373992860317

Epoch 653
-------------------------------
Validation MAE: 0.007326167076826096

Epoch 654
-------------------------------
Validation MAE: 0.007134050130844116

Epoch 655
-------------------------------
Validation MAE: 0.006738558411598206

Epoch 656
-------------------------------
Validation MAE: 0.006439217831939459

Epoch 657
-------------------------------
Validation MAE: 0.006389758549630642

Epoch 658
-------------------------------
Validation MAE: 0.006382263731211424

Epoch 659
-------------------------------
Validation MAE: 0.006772535387426615

Epoch 660
-------------------------------
Validation MAE: 0.0065696220844984055

Epoch 661
-------------------------------
Validation MAE: 0.007058490999042988

Epoch 662
-------------------------------
Validation MAE: 0.006594349164515734

Epoch 663
-------------------------------
Validation MAE: 0.007090461906045675

Epoch 664
-------------------------------
Validation MAE: 0.006630950607359409

Epoch 665
-------------------------------
Validation MAE: 0.006735935807228088

Epoch 666
-------------------------------
Validation MAE: 0.007074057590216398

Epoch 667
-------------------------------
Validation MAE: 0.00674626836553216

Epoch 668
-------------------------------
Validation MAE: 0.007147973868995905

Epoch 669
-------------------------------
Validation MAE: 0.007057210896164179

Epoch 670
-------------------------------
Validation MAE: 0.007639470510184765

Epoch 671
-------------------------------
Validation MAE: 0.006575462874025106

Epoch 672
-------------------------------
Validation MAE: 0.0075153992511332035

Epoch 673
-------------------------------
Validation MAE: 0.006773004774004221

Epoch 674
-------------------------------
Validation MAE: 0.007434220518916845

Epoch 675
-------------------------------
Validation MAE: 0.006863175425678492

Epoch 676
-------------------------------
Validation MAE: 0.006762328557670116

Epoch 677
-------------------------------
Validation MAE: 0.008728060871362686

Epoch 678
-------------------------------
Validation MAE: 0.012734057381749153

Epoch 679
-------------------------------
Validation MAE: 0.012311669997870922

Epoch 680
-------------------------------
Validation MAE: 0.010636470280587673

Epoch 681
-------------------------------
Validation MAE: 0.01039509940892458

Epoch 682
-------------------------------
Validation MAE: 0.010503832250833511

Epoch 683
-------------------------------
Validation MAE: 0.010681653395295143

Epoch 684
-------------------------------
Validation MAE: 0.009906159713864326

Epoch 685
-------------------------------
Validation MAE: 0.008655127137899399

Epoch 686
-------------------------------
Validation MAE: 0.007462106645107269

Epoch 687
-------------------------------
Validation MAE: 0.007106692995876074

Epoch 688
-------------------------------
Validation MAE: 0.006912911310791969

Epoch 689
-------------------------------
Validation MAE: 0.006755472626537085

Epoch 690
-------------------------------
Validation MAE: 0.006723384838551283

Epoch 691
-------------------------------
Validation MAE: 0.006437867879867554

Epoch 692
-------------------------------
Validation MAE: 0.006810635793954134

Epoch 693
-------------------------------
Validation MAE: 0.00637557078152895

Epoch 694
-------------------------------
Validation MAE: 0.00673901941627264

Epoch 695
-------------------------------
Validation MAE: 0.006366020068526268

Epoch 696
-------------------------------
Validation MAE: 0.007027136627584696

Epoch 697
-------------------------------
Validation MAE: 0.006440285127609968

Epoch 698
-------------------------------
Validation MAE: 0.006660583894699812

Epoch 699
-------------------------------
Validation MAE: 0.007278911303728819

Epoch 700
-------------------------------
Validation MAE: 0.006646401714533567

Epoch 701
-------------------------------
Validation MAE: 0.0072107696905732155

Epoch 702
-------------------------------
Validation MAE: 0.006552913226187229

Epoch 703
-------------------------------
Validation MAE: 0.007156347390264273

Epoch 704
-------------------------------
Validation MAE: 0.00665754871442914

Epoch 705
-------------------------------
Validation MAE: 0.007228732109069824

Epoch 706
-------------------------------
Validation MAE: 0.0064788516610860825

Epoch 707
-------------------------------
Validation MAE: 0.007083066739141941

Epoch 708
-------------------------------
Validation MAE: 0.0070557426661252975

Epoch 709
-------------------------------
Validation MAE: 0.006510118488222361

Epoch 710
-------------------------------
Validation MAE: 0.008378848433494568

Epoch 711
-------------------------------
Validation MAE: 0.012317909859120846

Epoch 712
-------------------------------
Validation MAE: 0.012406505644321442

Epoch 713
-------------------------------
Validation MAE: 0.010263691656291485

Epoch 714
-------------------------------
Validation MAE: 0.009822946041822433

Epoch 715
-------------------------------
Validation MAE: 0.009475424885749817

Epoch 716
-------------------------------
Validation MAE: 0.010030447505414486

Epoch 717
-------------------------------
Validation MAE: 0.01021604984998703

Epoch 718
-------------------------------
Validation MAE: 0.009597055613994598

Epoch 719
-------------------------------
Validation MAE: 0.007836701348423958

Epoch 720
-------------------------------
Validation MAE: 0.0074751414358615875

Epoch 721
-------------------------------
Validation MAE: 0.006961224600672722

Epoch 722
-------------------------------
Validation MAE: 0.00724085234105587

Epoch 723
-------------------------------
Validation MAE: 0.006843158975243568

Epoch 724
-------------------------------
Validation MAE: 0.0068777999840676785

Epoch 725
-------------------------------
Validation MAE: 0.006488460581749678

Epoch 726
-------------------------------
Validation MAE: 0.006262864451855421

Epoch 727
-------------------------------
Validation MAE: 0.007010592147707939

Epoch 728
-------------------------------
Validation MAE: 0.006417017430067062

Epoch 729
-------------------------------
Validation MAE: 0.006789392791688442

Epoch 730
-------------------------------
Validation MAE: 0.0063636708073318005

Epoch 731
-------------------------------
Validation MAE: 0.006872024852782488

Epoch 732
-------------------------------
Validation MAE: 0.006486569531261921

Epoch 733
-------------------------------
Validation MAE: 0.006924833636730909

Epoch 734
-------------------------------
Validation MAE: 0.006740478798747063

Epoch 735
-------------------------------
Validation MAE: 0.006628125905990601

Epoch 736
-------------------------------
Validation MAE: 0.0072884634137153625

Epoch 737
-------------------------------
Validation MAE: 0.010003550909459591

Epoch 738
-------------------------------
Validation MAE: 0.01196536049246788

Epoch 739
-------------------------------
Validation MAE: 0.009140226989984512

Epoch 740
-------------------------------
Validation MAE: 0.008248555473983288

Epoch 741
-------------------------------
Validation MAE: 0.008492650464177132

Epoch 742
-------------------------------
Validation MAE: 0.008994881063699722

Epoch 743
-------------------------------
Validation MAE: 0.009531818330287933

Epoch 744
-------------------------------
Validation MAE: 0.009499512612819672

Epoch 745
-------------------------------
Validation MAE: 0.008417878299951553

Epoch 746
-------------------------------
Validation MAE: 0.00721906078979373

Epoch 747
-------------------------------
Validation MAE: 0.007343594916164875

Epoch 748
-------------------------------
Validation MAE: 0.00693325512111187

Epoch 749
-------------------------------
Validation MAE: 0.007082555443048477

Epoch 750
-------------------------------
Validation MAE: 0.006531490944325924

Epoch 751
-------------------------------
Validation MAE: 0.006435457617044449

Epoch 752
-------------------------------
Validation MAE: 0.0065950993448495865

Epoch 753
-------------------------------
Validation MAE: 0.00669203931465745

Epoch 754
-------------------------------
Validation MAE: 0.006674808915704489

Epoch 755
-------------------------------
Validation MAE: 0.00657849432900548

Epoch 756
-------------------------------
Validation MAE: 0.006809482350945473

Epoch 757
-------------------------------
Validation MAE: 0.006686490029096603

Epoch 758
-------------------------------
Validation MAE: 0.006811646744608879

Epoch 759
-------------------------------
Validation MAE: 0.0065005081705749035

Epoch 760
-------------------------------
Validation MAE: 0.006587378680706024

Epoch 761
-------------------------------
Validation MAE: 0.006702047772705555

Epoch 762
-------------------------------
Validation MAE: 0.007234566379338503

Epoch 763
-------------------------------
Validation MAE: 0.006701787002384663

Epoch 764
-------------------------------
Validation MAE: 0.006516586057841778

Epoch 765
-------------------------------
Validation MAE: 0.006717415526509285

Epoch 766
-------------------------------
Validation MAE: 0.006891012657433748

Epoch 767
-------------------------------
Validation MAE: 0.007625062484294176

Epoch 768
-------------------------------
Validation MAE: 0.011933650821447372

Epoch 769
-------------------------------
Validation MAE: 0.011071582324802876

Epoch 770
-------------------------------
Validation MAE: 0.009029152803122997

Epoch 771
-------------------------------
Validation MAE: 0.008669090457260609

Epoch 772
-------------------------------
Validation MAE: 0.00910215824842453

Epoch 773
-------------------------------
Validation MAE: 0.009610372595489025

Epoch 774
-------------------------------
Validation MAE: 0.009913448244333267

Epoch 775
-------------------------------
Validation MAE: 0.00968777947127819

Epoch 776
-------------------------------
Validation MAE: 0.008410410024225712

Epoch 777
-------------------------------
Validation MAE: 0.007300119381397963

Epoch 778
-------------------------------
Validation MAE: 0.007224283181130886

Epoch 779
-------------------------------
Validation MAE: 0.007106826640665531

Epoch 780
-------------------------------
Validation MAE: 0.007007388863712549

Epoch 781
-------------------------------
Validation MAE: 0.0065369619987905025

Epoch 782
-------------------------------
Validation MAE: 0.006563883740454912

Epoch 783
-------------------------------
Validation MAE: 0.0065559265203773975

Epoch 784
-------------------------------
Validation MAE: 0.006638567429035902

Epoch 785
-------------------------------
Validation MAE: 0.006664527114480734

Epoch 786
-------------------------------
Validation MAE: 0.007103238720446825

Epoch 787
-------------------------------
Validation MAE: 0.007041440811008215

Epoch 788
-------------------------------
Validation MAE: 0.006815055850893259

Epoch 789
-------------------------------
Validation MAE: 0.006713788956403732

Epoch 790
-------------------------------
Validation MAE: 0.006562790833413601

Epoch 791
-------------------------------
Validation MAE: 0.006453872192651033

Epoch 792
-------------------------------
Validation MAE: 0.006909927818924189

Epoch 793
-------------------------------
Validation MAE: 0.006721307523548603

Epoch 794
-------------------------------
Validation MAE: 0.006894382182508707

Epoch 795
-------------------------------
Validation MAE: 0.00654459185898304

Epoch 796
-------------------------------
Validation MAE: 0.006877779960632324

Epoch 797
-------------------------------
Validation MAE: 0.006977153941988945

Epoch 798
-------------------------------
Validation MAE: 0.007770426105707884

Epoch 799
-------------------------------
Validation MAE: 0.012476549483835697

Epoch 800
-------------------------------
Validation MAE: 0.011088325642049313

Epoch 801
-------------------------------
Validation MAE: 0.009077727794647217

Epoch 802
-------------------------------
Validation MAE: 0.008817688561975956

Epoch 803
-------------------------------
Validation MAE: 0.009314014576375484

Epoch 804
-------------------------------
Validation MAE: 0.00972616858780384

Epoch 805
-------------------------------
Validation MAE: 0.010116013698279858

Epoch 806
-------------------------------
Validation MAE: 0.009796828962862492

Epoch 807
-------------------------------
Validation MAE: 0.008781329728662968

Epoch 808
-------------------------------
Validation MAE: 0.007696831598877907

Epoch 809
-------------------------------
Validation MAE: 0.0074998075142502785

Epoch 810
-------------------------------
Validation MAE: 0.007244681473821402

Epoch 811
-------------------------------
Validation MAE: 0.007374817505478859

Epoch 812
-------------------------------
Validation MAE: 0.0066603366285562515

Epoch 813
-------------------------------
Validation MAE: 0.006713999435305595

Epoch 814
-------------------------------
Validation MAE: 0.006499784998595715

Epoch 815
-------------------------------
Validation MAE: 0.007046401035040617

Epoch 816
-------------------------------
Validation MAE: 0.006645865738391876

Epoch 817
-------------------------------
Validation MAE: 0.006679598707705736

Epoch 818
-------------------------------
Validation MAE: 0.007106874603778124

Epoch 819
-------------------------------
Validation MAE: 0.007405778858810663

Epoch 820
-------------------------------
Validation MAE: 0.006963732186704874

Epoch 821
-------------------------------
Validation MAE: 0.006820736452937126

Epoch 822
-------------------------------
Validation MAE: 0.006736937910318375

Epoch 823
-------------------------------
Validation MAE: 0.007011241279542446

Epoch 824
-------------------------------
Validation MAE: 0.007134754676371813

Epoch 825
-------------------------------
Validation MAE: 0.007017314899712801

Epoch 826
-------------------------------
Validation MAE: 0.00665677385404706

Epoch 827
-------------------------------
Validation MAE: 0.0068277097307145596

Epoch 828
-------------------------------
Validation MAE: 0.007491107564419508

Epoch 829
-------------------------------
Validation MAE: 0.007201677653938532

Epoch 830
-------------------------------
Validation MAE: 0.009291521273553371

Epoch 831
-------------------------------
Validation MAE: 0.01310189813375473

Epoch 832
-------------------------------
Validation MAE: 0.01046396978199482

Epoch 833
-------------------------------
Validation MAE: 0.009038391523063183

Epoch 834
-------------------------------
Validation MAE: 0.008920409716665745

Epoch 835
-------------------------------
Validation MAE: 0.00935397855937481

Epoch 836
-------------------------------
Validation MAE: 0.00966197531670332

Epoch 837
-------------------------------
Validation MAE: 0.010076982900500298

Epoch 838
-------------------------------
Validation MAE: 0.009746226482093334

Epoch 839
-------------------------------
Validation MAE: 0.008576692081987858

Epoch 840
-------------------------------
Validation MAE: 0.008037850260734558

Epoch 841
-------------------------------
Validation MAE: 0.007355206646025181

Epoch 842
-------------------------------
Validation MAE: 0.007462922018021345

Epoch 843
-------------------------------
Validation MAE: 0.007060646545141935

Epoch 844
-------------------------------
Validation MAE: 0.006957220379263163

Epoch 845
-------------------------------
Validation MAE: 0.006780342198908329

Epoch 846
-------------------------------
Validation MAE: 0.006576347164809704

Epoch 847
-------------------------------
Validation MAE: 0.0067983209155499935

Epoch 848
-------------------------------
Validation MAE: 0.006756233517080545

Epoch 849
-------------------------------
Validation MAE: 0.007131650578230619

Epoch 850
-------------------------------
Validation MAE: 0.006723052356392145

Epoch 851
-------------------------------
Validation MAE: 0.007589490618556738

Epoch 852
-------------------------------
Validation MAE: 0.006611826363950968

Epoch 853
-------------------------------
Validation MAE: 0.006946677807718515

Epoch 854
-------------------------------
Validation MAE: 0.006767127197235823

Epoch 855
-------------------------------
Validation MAE: 0.007231968455016613

Epoch 856
-------------------------------
Validation MAE: 0.006698091514408588

Epoch 857
-------------------------------
Validation MAE: 0.0072293877601623535

Epoch 858
-------------------------------
Validation MAE: 0.007016350980848074

Epoch 859
-------------------------------
Validation MAE: 0.007547944784164429

Epoch 860
-------------------------------
Validation MAE: 0.007268173154443502

Epoch 861
-------------------------------
Validation MAE: 0.007271663285791874

Epoch 862
-------------------------------
Validation MAE: 0.007037827279418707

Epoch 863
-------------------------------
Validation MAE: 0.009075065143406391

Epoch 864
-------------------------------
Validation MAE: 0.012856620363891125

Epoch 865
-------------------------------
Validation MAE: 0.011083882302045822

Epoch 866
-------------------------------
Validation MAE: 0.0088530657812953

Epoch 867
-------------------------------
Validation MAE: 0.008655102923512459

Epoch 868
-------------------------------
Validation MAE: 0.008985194377601147

Epoch 869
-------------------------------
Validation MAE: 0.009760922752320766

Epoch 870
-------------------------------
Validation MAE: 0.010068857111036777

Epoch 871
-------------------------------
Validation MAE: 0.010113703086972237

Epoch 872
-------------------------------
Validation MAE: 0.009029462933540344

Epoch 873
-------------------------------
Validation MAE: 0.007855091243982315

Epoch 874
-------------------------------
Validation MAE: 0.007479723077267408

Epoch 875
-------------------------------
Validation MAE: 0.0074942209757864475

Epoch 876
-------------------------------
Validation MAE: 0.007239262107759714

Epoch 877
-------------------------------
Validation MAE: 0.006776121910661459

Epoch 878
-------------------------------
Validation MAE: 0.006497175432741642

Epoch 879
-------------------------------
Validation MAE: 0.006495575420558453

Epoch 880
-------------------------------
Validation MAE: 0.006720013450831175

Epoch 881
-------------------------------
Validation MAE: 0.006933452561497688

Epoch 882
-------------------------------
Validation MAE: 0.007127041928470135

Epoch 883
-------------------------------
Validation MAE: 0.006711721420288086

Epoch 884
-------------------------------
Validation MAE: 0.0067098718136549

Epoch 885
-------------------------------
Validation MAE: 0.007146401796489954

Epoch 886
-------------------------------
Validation MAE: 0.006600665394216776

Epoch 887
-------------------------------
Validation MAE: 0.007031600922346115

Epoch 888
-------------------------------
Validation MAE: 0.006770164240151644

Epoch 889
-------------------------------
Validation MAE: 0.007581287529319525

Epoch 890
-------------------------------
Validation MAE: 0.006687523797154427

Epoch 891
-------------------------------
Validation MAE: 0.007181450724601746

Epoch 892
-------------------------------
Validation MAE: 0.007530716247856617

Epoch 893
-------------------------------
Validation MAE: 0.007350895553827286

Epoch 894
-------------------------------
Validation MAE: 0.006641698069870472

Epoch 895
-------------------------------
Validation MAE: 0.007442964240908623

Epoch 896
-------------------------------
Validation MAE: 0.009694206528365612

Epoch 897
-------------------------------
Validation MAE: 0.01211200188845396

Epoch 898
-------------------------------
Validation MAE: 0.011560266837477684

Epoch 899
-------------------------------
Validation MAE: 0.009078442119061947

Epoch 900
-------------------------------
Validation MAE: 0.008259364403784275

Epoch 901
-------------------------------
Validation MAE: 0.008580812253057957

Epoch 902
-------------------------------
Validation MAE: 0.008780627511441708

Epoch 903
-------------------------------
Validation MAE: 0.00947798416018486

Epoch 904
-------------------------------
Validation MAE: 0.009718753397464752

Epoch 905
-------------------------------
Validation MAE: 0.009570811875164509

Epoch 906
-------------------------------
Validation MAE: 0.008256176486611366

Epoch 907
-------------------------------
Validation MAE: 0.007364970166236162

Epoch 908
-------------------------------
Validation MAE: 0.007337099872529507

Epoch 909
-------------------------------
Validation MAE: 0.0074374256655573845

Epoch 910
-------------------------------
Validation MAE: 0.0069493819028139114

Epoch 911
-------------------------------
Validation MAE: 0.006710288114845753

Epoch 912
-------------------------------
Validation MAE: 0.00653517059981823

Epoch 913
-------------------------------
Validation MAE: 0.006527187768369913

Epoch 914
-------------------------------
Validation MAE: 0.006691633723676205

Epoch 915
-------------------------------
Validation MAE: 0.0067679244093596935

Epoch 916
-------------------------------
Validation MAE: 0.006506182253360748

Epoch 917
-------------------------------
Validation MAE: 0.00712592015042901

Epoch 918
-------------------------------
Validation MAE: 0.006837381049990654

Epoch 919
-------------------------------
Validation MAE: 0.006664329674094915

Epoch 920
-------------------------------
Validation MAE: 0.006950819864869118

Epoch 921
-------------------------------
Validation MAE: 0.006761356256902218

Epoch 922
-------------------------------
Validation MAE: 0.007639002986252308

Epoch 923
-------------------------------
Validation MAE: 0.006786460988223553

Epoch 924
-------------------------------
Validation MAE: 0.007311328314244747

Epoch 925
-------------------------------
Validation MAE: 0.006659232545644045

Epoch 926
-------------------------------
Validation MAE: 0.006772888358682394

Epoch 927
-------------------------------
Validation MAE: 0.006811884231865406

Epoch 928
-------------------------------
Validation MAE: 0.007437629159539938

Epoch 929
-------------------------------
Validation MAE: 0.007274574134498835

Epoch 930
-------------------------------
Validation MAE: 0.007161076180636883

Epoch 931
-------------------------------
Validation MAE: 0.006921311374753714

Epoch 932
-------------------------------
Validation MAE: 0.0070086512714624405

Epoch 933
-------------------------------
Validation MAE: 0.007394032087177038

Epoch 934
-------------------------------
Validation MAE: 0.007177550345659256

Epoch 935
-------------------------------
Validation MAE: 0.007098759058862925

Epoch 936
-------------------------------
Validation MAE: 0.007008180022239685

Epoch 937
-------------------------------
Validation MAE: 0.006961398292332888

Epoch 938
-------------------------------
Validation MAE: 0.007242084015160799

Epoch 939
-------------------------------
Validation MAE: 0.007432783488184214

Epoch 940
-------------------------------
Validation MAE: 0.006530893035233021

Epoch 941
-------------------------------
Validation MAE: 0.007575759198516607

Epoch 942
-------------------------------
Validation MAE: 0.012033156119287014

Epoch 943
-------------------------------
Validation MAE: 0.010671304538846016

Epoch 944
-------------------------------
Validation MAE: 0.008417987264692783

Epoch 945
-------------------------------
Validation MAE: 0.007994640618562698

Epoch 946
-------------------------------
Validation MAE: 0.007779825944453478

Epoch 947
-------------------------------
Validation MAE: 0.008161613717675209

Epoch 948
-------------------------------
Validation MAE: 0.008274423889815807

Epoch 949
-------------------------------
Validation MAE: 0.008992274291813374

Epoch 950
-------------------------------
Validation MAE: 0.009296986274421215

Epoch 951
-------------------------------
Validation MAE: 0.008746722713112831

Epoch 952
-------------------------------
Validation MAE: 0.007526491768658161

Epoch 953
-------------------------------
Validation MAE: 0.007467145100235939

Epoch 954
-------------------------------
Validation MAE: 0.007217405829578638

Epoch 955
-------------------------------
Validation MAE: 0.007326910272240639

Epoch 956
-------------------------------
Validation MAE: 0.007000278681516647

Epoch 957
-------------------------------
Validation MAE: 0.007047170773148537

Epoch 958
-------------------------------
Validation MAE: 0.006714893039315939

Epoch 959
-------------------------------
Validation MAE: 0.006622722372412682

Epoch 960
-------------------------------
Validation MAE: 0.00658176327124238

Epoch 961
-------------------------------
Validation MAE: 0.006663473788648844

Epoch 962
-------------------------------
Validation MAE: 0.006844975054264069

Epoch 963
-------------------------------
Validation MAE: 0.006816459354013205

Epoch 964
-------------------------------
Validation MAE: 0.006705637089908123

Epoch 965
-------------------------------
Validation MAE: 0.006574694532901049

Epoch 966
-------------------------------
Validation MAE: 0.006448850501328707

Epoch 967
-------------------------------
Validation MAE: 0.00661618122830987

Epoch 968
-------------------------------
Validation MAE: 0.007250192109495401

Epoch 969
-------------------------------
Validation MAE: 0.009279591962695122

Epoch 970
-------------------------------
Validation MAE: 0.011030646041035652

Epoch 971
-------------------------------
Validation MAE: 0.007682175375521183

Epoch 972
-------------------------------
Validation MAE: 0.007287755608558655

Epoch 973
-------------------------------
Validation MAE: 0.00723209697753191

Epoch 974
-------------------------------
Validation MAE: 0.007239501923322678

Epoch 975
-------------------------------
Validation MAE: 0.007349749561399221

Epoch 976
-------------------------------
Validation MAE: 0.007432814221829176

Epoch 977
-------------------------------
Validation MAE: 0.00947947520762682

Epoch 978
-------------------------------
Validation MAE: 0.009275289252400398

Epoch 979
-------------------------------
Validation MAE: 0.009222665801644325

Epoch 980
-------------------------------
Validation MAE: 0.009121992625296116

Epoch 981
-------------------------------
Validation MAE: 0.009005039930343628

Epoch 982
-------------------------------
Validation MAE: 0.008946523070335388

Epoch 983
-------------------------------
Validation MAE: 0.008888526819646358

Epoch 984
-------------------------------
Validation MAE: 0.008619394153356552

Epoch 985
-------------------------------
Validation MAE: 0.008448970504105091

Epoch 986
-------------------------------
Validation MAE: 0.008153012953698635

Epoch 987
-------------------------------
Validation MAE: 0.007953654043376446

Epoch 988
-------------------------------
Validation MAE: 0.007678647991269827

Epoch 989
-------------------------------
Validation MAE: 0.0074474322609603405

Epoch 990
-------------------------------
Validation MAE: 0.0072272769175469875

Epoch 991
-------------------------------
Validation MAE: 0.007458303589373827

Epoch 992
-------------------------------
Validation MAE: 0.008012758567929268

Epoch 993
-------------------------------
Validation MAE: 0.0074941557832062244

Epoch 994
-------------------------------
Validation MAE: 0.006961185019463301

Epoch 995
-------------------------------
Validation MAE: 0.007326786406338215

Epoch 996
-------------------------------
Validation MAE: 0.007268321700394154

Epoch 997
-------------------------------
Validation MAE: 0.007082979194819927

Epoch 998
-------------------------------
Validation MAE: 0.00691098440438509

Epoch 999
-------------------------------
Validation MAE: 0.006848229095339775

Epoch 1000
-------------------------------
Validation MAE: 0.006835045292973518

Finished training on train_size=8000
 Testing MAE = (0.004175098143364139, tensor(0.0235, device='cuda:0'))
training is over :-)
